Log file open, 08/14/19 15:37:46
LogWindows: Failed to load 'aqProf.dll' (GetLastError=126)
LogWindows: File 'aqProf.dll' does not exist
LogWindows: Failed to load 'VtuneApi.dll' (GetLastError=126)
LogWindows: File 'VtuneApi.dll' does not exist
LogWindows: Failed to load 'VtuneApi32e.dll' (GetLastError=126)
LogWindows: File 'VtuneApi32e.dll' does not exist
LogConsoleResponse: Display: Failed to find resolution value strings in scalability ini. Falling back to default.
LogInit: Display: Running engine for game: UnrealPython
LogPakFile: Registered encryption key '00000000000000000000000000000000': 0 pak files mounted, 0 remain pending
LogPlatformFile: Not using cached read wrapper
LogTaskGraph: Started task graph with 5 named threads and 23 total threads with 3 sets of task threads.
LogStats: Stats thread started at 0.274377
LogD3D11RHI: Loaded GFSDK_Aftermath_Lib.x64.dll
LogICUInternationalization: ICU TimeZone Detection - Raw Offset: -3:00, Platform Override: ''
LogPluginManager: Mounting plugin Paper2D
LogPluginManager: Mounting plugin AISupport
LogPluginManager: Mounting plugin LightPropagationVolume
LogPluginManager: Mounting plugin ActorLayerUtilities
LogPluginManager: Mounting plugin AnimationSharing
LogPluginManager: Mounting plugin CLionSourceCodeAccess
LogPluginManager: Mounting plugin CodeLiteSourceCodeAccess
LogPluginManager: Mounting plugin GitSourceControl
LogPluginManager: Mounting plugin KDevelopSourceCodeAccess
LogPluginManager: Mounting plugin NullSourceCodeAccess
LogPluginManager: Mounting plugin PerforceSourceControl
LogPluginManager: Mounting plugin SubversionSourceControl
LogPluginManager: Mounting plugin UObjectPlugin
LogPluginManager: Mounting plugin VisualStudioCodeSourceCodeAccess
LogPluginManager: Mounting plugin VisualStudioSourceCodeAccess
LogPluginManager: Mounting plugin XCodeSourceCodeAccess
LogPluginManager: Mounting plugin AssetManagerEditor
LogPluginManager: Mounting plugin CryptoKeys
LogPluginManager: Mounting plugin DataValidation
LogPluginManager: Mounting plugin FacialAnimation
LogPluginManager: Mounting plugin GameplayTagsEditor
LogPluginManager: Mounting plugin MacGraphicsSwitching
LogPluginManager: Mounting plugin MaterialAnalyzer
LogPluginManager: Mounting plugin MobileLauncherProfileWizard
LogPluginManager: Mounting plugin PluginBrowser
LogPluginManager: Mounting plugin SpeedTreeImporter
LogPluginManager: Mounting plugin DatasmithContent
LogPluginManager: Mounting plugin VariantManagerContent
LogPluginManager: Mounting plugin AlembicImporter
LogPluginManager: Mounting plugin AppleImageUtils
LogPluginManager: Mounting plugin AppleVision
LogPluginManager: Mounting plugin BackChannel
LogPluginManager: Mounting plugin CharacterAI
LogPluginManager: Mounting plugin GeometryCache
LogPluginManager: Mounting plugin HTML5Networking
LogPluginManager: Mounting plugin ProxyLODPlugin
LogPluginManager: Mounting plugin PythonScriptPlugin
LogPluginManager: Mounting plugin SkeletalReduction
LogPluginManager: Mounting plugin MagicLeap
LogPluginManager: Mounting plugin MagicLeapMedia
LogPluginManager: Mounting plugin AndroidMedia
LogPluginManager: Mounting plugin AvfMedia
LogPluginManager: Mounting plugin ImgMedia
LogPluginManager: Mounting plugin LinearTimecode
LogPluginManager: Mounting plugin MediaCompositing
LogPluginManager: Mounting plugin MediaPlayerEditor
LogPluginManager: Mounting plugin WebMMedia
LogPluginManager: Mounting plugin WmfMedia
LogPluginManager: Mounting plugin TcpMessaging
LogPluginManager: Mounting plugin UdpMessaging
LogPluginManager: Mounting plugin ActorSequence
LogPluginManager: Mounting plugin LevelSequenceEditor
LogPluginManager: Mounting plugin MatineeToLevelSequence
LogPluginManager: Mounting plugin NetcodeUnitTest
LogPluginManager: Mounting plugin NUTUnrealEngine4
LogPluginManager: Mounting plugin OnlineSubsystemGooglePlay
LogPluginManager: Mounting plugin OnlineSubsystemIOS
LogPluginManager: Mounting plugin OnlineSubsystem
LogPluginManager: Mounting plugin OnlineSubsystemNull
LogPluginManager: Mounting plugin OnlineSubsystemUtils
LogPluginManager: Mounting plugin LauncherChunkInstaller
LogPluginManager: Mounting plugin AndroidDeviceProfileSelector
LogPluginManager: Mounting plugin AndroidMoviePlayer
LogPluginManager: Mounting plugin AndroidPermission
LogPluginManager: Mounting plugin AppleMoviePlayer
LogPluginManager: Mounting plugin ArchVisCharacter
LogPluginManager: Mounting plugin AudioCapture
LogPluginManager: Mounting plugin CableComponent
LogPluginManager: Mounting plugin CustomMeshComponent
LogPluginManager: Mounting plugin EditableMesh
LogPluginManager: Mounting plugin ExampleDeviceProfileSelector
LogPluginManager: Mounting plugin Firebase
LogPluginManager: Mounting plugin GoogleCloudMessaging
LogPluginManager: Mounting plugin IOSDeviceProfileSelector
LogPluginManager: Mounting plugin LinuxDeviceProfileSelector
LogPluginManager: Mounting plugin LocationServicesBPLibrary
LogPluginManager: Mounting plugin MobilePatchingUtils
LogPluginManager: Mounting plugin OculusVR
LogPluginManager: Mounting plugin PhysXVehicles
LogPluginManager: Mounting plugin ProceduralMeshComponent
LogPluginManager: Mounting plugin RuntimePhysXCooking
LogPluginManager: Mounting plugin SignificanceManager
LogPluginManager: Mounting plugin SteamVR
LogPluginManager: Mounting plugin WebMMoviePlayer
LogPluginManager: Mounting plugin WindowsMoviePlayer
LogPluginManager: Mounting plugin UnrealEnginePython
LogInit: Using libcurl 7.55.1-DEV
LogInit:  - built for x86_64-pc-win32
LogInit:  - supports SSL with OpenSSL/1.1.1
LogInit:  - supports HTTP deflate (compression) using libz 1.2.8
LogInit:  - other features:
LogInit:      CURL_VERSION_SSL
LogInit:      CURL_VERSION_LIBZ
LogInit:      CURL_VERSION_IPV6
LogInit:      CURL_VERSION_ASYNCHDNS
LogInit:      CURL_VERSION_LARGEFILE
LogInit:      CURL_VERSION_IDN
LogInit:  CurlRequestOptions (configurable via config and command line):
LogInit:  - bVerifyPeer = true  - Libcurl will verify peer certificate
LogInit:  - bUseHttpProxy = false  - Libcurl will NOT use HTTP proxy
LogInit:  - bDontReuseConnections = false  - Libcurl will reuse connections
LogInit:  - MaxHostConnections = 16  - Libcurl will limit the number of connections to a host
LogInit:  - LocalHostAddr = Default
LogInit:  - BufferSize = 65536
LogInit: WinSock: version 1.1 (2.2), MaxSocks=32767, MaxUdp=65467
LogInit: Build: ++UE4+Release-4.22-CL-7053642
LogInit: Engine Version: 4.22.3-7053642+++UE4+Release-4.22
LogInit: Compatible Engine Version: 4.22.0-5660361+++UE4+Release-4.22
LogInit: Net CL: 5660361
LogInit: OS: Windows 10 (Release 1903) (), CPU:         Intel(R) Core(TM) i7-2600 CPU @ 3.40GHz, GPU: NVIDIA GeForce GTX 750 Ti
LogInit: Compiled (64-bit): Jun 18 2019 03:09:11
LogInit: Compiled with Visual C++: 19.16.27025.01
LogInit: Build Configuration: Development
LogInit: Branch Name: ++UE4+Release-4.22
LogInit: Command Line: 
LogInit: Base Directory: F:/__Utilitarios/Epic Games/UE_4.22/Engine/Binaries/Win64/
LogInit: Installed Engine Build: 1
LogDevObjectVersion: Number of dev versions registered: 23
LogDevObjectVersion:   Dev-Blueprints (B0D832E4-1F89-4F0D-ACCF-7EB736FD4AA2): 10
LogDevObjectVersion:   Dev-Build (E1C64328-A22C-4D53-A36C-8E866417BD8C): 0
LogDevObjectVersion:   Dev-Core (375EC13C-06E4-48FB-B500-84F0262A717E): 3
LogDevObjectVersion:   Dev-Editor (E4B068ED-F494-42E9-A231-DA0B2E46BB41): 30
LogDevObjectVersion:   Dev-Framework (CFFC743F-43B0-4480-9391-14DF171D2073): 35
LogDevObjectVersion:   Dev-Mobile (B02B49B5-BB20-44E9-A304-32B752E40360): 2
LogDevObjectVersion:   Dev-Networking (A4E4105C-59A1-49B5-A7C5-40C4547EDFEE): 0
LogDevObjectVersion:   Dev-Online (39C831C9-5AE6-47DC-9A44-9C173E1C8E7C): 0
LogDevObjectVersion:   Dev-Physics (78F01B33-EBEA-4F98-B9B4-84EACCB95AA2): 0
LogDevObjectVersion:   Dev-Platform (6631380F-2D4D-43E0-8009-CF276956A95A): 0
LogDevObjectVersion:   Dev-Rendering (12F88B9F-8875-4AFC-A67C-D90C383ABD29): 28
LogDevObjectVersion:   Dev-Sequencer (7B5AE74C-D270-4C10-A958-57980B212A5A): 11
LogDevObjectVersion:   Dev-VR (D7296918-1DD6-4BDD-9DE2-64A83CC13884): 2
LogDevObjectVersion:   Dev-LoadTimes (C2A15278-BFE7-4AFE-6C17-90FF531DF755): 1
LogDevObjectVersion:   Private-Geometry (6EACA3D4-40EC-4CC1-B786-8BED09428FC5): 3
LogDevObjectVersion:   Dev-AnimPhys (29E575DD-E0A3-4627-9D10-D276232CDCEA): 17
LogDevObjectVersion:   Dev-Anim (AF43A65D-7FD3-4947-9873-3E8ED9C1BB05): 2
LogDevObjectVersion:   Dev-ReflectionCapture (6B266CEC-1EC7-4B8F-A30B-E4D90942FC07): 1
LogDevObjectVersion:   Dev-Automation (0DF73D61-A23F-47EA-B727-89E90C41499A): 1
LogDevObjectVersion:   FortniteMain (601D1886-AC64-4F84-AA16-D3DE0DEAC7D6): 25
LogDevObjectVersion:   Dev-Enterprise (9DFFBCD6-494F-0158-E221-12823C92A888): 6
LogDevObjectVersion:   Dev-Niagara (F2AED0AC-9AFE-416F-8664-AA7FFA26D6FC): 1
LogDevObjectVersion:   Dev-Destruction (174F1F0B-B4C6-45A5-B13F-2EE8D0FB917D): 2
LogInit: Presizing for max 16777216 objects, including 0 objects not considered by GC, pre-allocating 0 bytes for permanent pool.
LogInit: Object subsystem initialized
LogConfig: Setting CVar [[con.DebugEarlyDefault:1]]
LogConfig: Setting CVar [[r.setres:1280x720]]
[2019.08.14-18.37.46:338][  0]LogConfig: Setting CVar [[r.VSync:0]]
[2019.08.14-18.37.46:338][  0]LogConfig: Setting CVar [[r.RHICmdBypass:0]]
[2019.08.14-18.37.46:338][  0]LogConfig: Applying CVar settings from Section [/Script/Engine.RendererSettings] File [E:/__source/unrealProjetos/UnrealPython/Saved/Config/Windows/Engine.ini]
[2019.08.14-18.37.46:338][  0]LogConfig: Setting CVar [[r.GPUCrashDebugging:0]]
[2019.08.14-18.37.46:338][  0]LogConfig: Setting CVar [[r.DefaultFeature.AutoExposure.ExtendDefaultLuminanceRange:1]]
[2019.08.14-18.37.46:338][  0]LogConfig: Applying CVar settings from Section [/Script/Engine.RendererOverrideSettings] File [E:/__source/unrealProjetos/UnrealPython/Saved/Config/Windows/Engine.ini]
[2019.08.14-18.37.46:338][  0]LogConfig: Applying CVar settings from Section [/Script/Engine.StreamingSettings] File [E:/__source/unrealProjetos/UnrealPython/Saved/Config/Windows/Engine.ini]
[2019.08.14-18.37.46:338][  0]LogConfig: Setting CVar [[s.MinBulkDataSizeForAsyncLoading:131072]]
[2019.08.14-18.37.46:338][  0]LogConfig: Setting CVar [[s.AsyncLoadingThreadEnabled:0]]
[2019.08.14-18.37.46:338][  0]LogConfig: Setting CVar [[s.EventDrivenLoaderEnabled:1]]
[2019.08.14-18.37.46:338][  0]LogConfig: Setting CVar [[s.WarnIfTimeLimitExceeded:0]]
[2019.08.14-18.37.46:338][  0]LogConfig: Setting CVar [[s.TimeLimitExceededMultiplier:1.5]]
[2019.08.14-18.37.46:338][  0]LogConfig: Setting CVar [[s.TimeLimitExceededMinTime:0.005]]
[2019.08.14-18.37.46:338][  0]LogConfig: Setting CVar [[s.UseBackgroundLevelStreaming:1]]
[2019.08.14-18.37.46:338][  0]LogConfig: Setting CVar [[s.PriorityAsyncLoadingExtraTime:15.0]]
[2019.08.14-18.37.46:338][  0]LogConfig: Setting CVar [[s.LevelStreamingActorsUpdateTimeLimit:5.0]]
[2019.08.14-18.37.46:338][  0]LogConfig: Setting CVar [[s.PriorityLevelStreamingActorsUpdateExtraTime:5.0]]
[2019.08.14-18.37.46:338][  0]LogConfig: Setting CVar [[s.LevelStreamingComponentsRegistrationGranularity:10]]
[2019.08.14-18.37.46:338][  0]LogConfig: Setting CVar [[s.UnregisterComponentsTimeLimit:1.0]]
[2019.08.14-18.37.46:338][  0]LogConfig: Setting CVar [[s.LevelStreamingComponentsUnregistrationGranularity:5]]
[2019.08.14-18.37.46:338][  0]LogConfig: Applying CVar settings from Section [/Script/Engine.GarbageCollectionSettings] File [E:/__source/unrealProjetos/UnrealPython/Saved/Config/Windows/Engine.ini]
[2019.08.14-18.37.46:338][  0]LogConfig: Setting CVar [[gc.MaxObjectsNotConsideredByGC:1]]
[2019.08.14-18.37.46:338][  0]LogConfig: Setting CVar [[gc.SizeOfPermanentObjectPool:0]]
[2019.08.14-18.37.46:338][  0]LogConfig: Setting CVar [[gc.FlushStreamingOnGC:0]]
[2019.08.14-18.37.46:338][  0]LogConfig: Setting CVar [[gc.NumRetriesBeforeForcingGC:10]]
[2019.08.14-18.37.46:338][  0]LogConfig: Setting CVar [[gc.AllowParallelGC:1]]
[2019.08.14-18.37.46:338][  0]LogConfig: Setting CVar [[gc.TimeBetweenPurgingPendingKillObjects:61.1]]
[2019.08.14-18.37.46:338][  0]LogConfig: Setting CVar [[gc.MaxObjectsInEditor:16777216]]
[2019.08.14-18.37.46:338][  0]LogConfig: Setting CVar [[gc.IncrementalBeginDestroyEnabled:1]]
[2019.08.14-18.37.46:338][  0]LogConfig: Setting CVar [[gc.CreateGCClusters:1]]
[2019.08.14-18.37.46:338][  0]LogConfig: Setting CVar [[gc.MinGCClusterSize:5]]
[2019.08.14-18.37.46:338][  0]LogConfig: Setting CVar [[gc.ActorClusteringEnabled:0]]
[2019.08.14-18.37.46:338][  0]LogConfig: Setting CVar [[gc.BlueprintClusteringEnabled:0]]
[2019.08.14-18.37.46:338][  0]LogConfig: Setting CVar [[gc.UseDisregardForGCOnDedicatedServers:0]]
[2019.08.14-18.37.46:338][  0]LogConfig: Applying CVar settings from Section [/Script/Engine.NetworkSettings] File [E:/__source/unrealProjetos/UnrealPython/Saved/Config/Windows/Engine.ini]
[2019.08.14-18.37.46:338][  0]LogConfig: Applying CVar settings from Section [/Script/UnrealEd.CookerSettings] File [E:/__source/unrealProjetos/UnrealPython/Saved/Config/Windows/Engine.ini]
[2019.08.14-18.37.46:341][  0]LogConfig: Applying CVar settings from Section [ViewDistanceQuality@3] File [E:/__source/unrealProjetos/UnrealPython/Saved/Config/Windows/Scalability.ini]
[2019.08.14-18.37.46:341][  0]LogConfig: Setting CVar [[r.SkeletalMeshLODBias:0]]
[2019.08.14-18.37.46:341][  0]LogConfig: Setting CVar [[r.ViewDistanceScale:1.0]]
[2019.08.14-18.37.46:341][  0]LogConfig: Applying CVar settings from Section [AntiAliasingQuality@3] File [E:/__source/unrealProjetos/UnrealPython/Saved/Config/Windows/Scalability.ini]
[2019.08.14-18.37.46:341][  0]LogConfig: Setting CVar [[r.PostProcessAAQuality:4]]
[2019.08.14-18.37.46:341][  0]LogConfig: Applying CVar settings from Section [ShadowQuality@3] File [E:/__source/unrealProjetos/UnrealPython/Saved/Config/Windows/Scalability.ini]
[2019.08.14-18.37.46:341][  0]LogConfig: Setting CVar [[r.LightFunctionQuality:1]]
[2019.08.14-18.37.46:341][  0]LogConfig: Setting CVar [[r.ShadowQuality:5]]
[2019.08.14-18.37.46:341][  0]LogConfig: Setting CVar [[r.Shadow.CSM.MaxCascades:10]]
[2019.08.14-18.37.46:341][  0]LogConfig: Setting CVar [[r.Shadow.MaxResolution:2048]]
[2019.08.14-18.37.46:341][  0]LogConfig: Setting CVar [[r.Shadow.MaxCSMResolution:2048]]
[2019.08.14-18.37.46:341][  0]LogConfig: Setting CVar [[r.Shadow.RadiusThreshold:0.01]]
[2019.08.14-18.37.46:341][  0]LogConfig: Setting CVar [[r.Shadow.DistanceScale:1.0]]
[2019.08.14-18.37.46:341][  0]LogConfig: Setting CVar [[r.Shadow.CSM.TransitionScale:1.0]]
[2019.08.14-18.37.46:341][  0]LogConfig: Setting CVar [[r.Shadow.PreShadowResolutionFactor:1.0]]
[2019.08.14-18.37.46:341][  0]LogConfig: Setting CVar [[r.DistanceFieldShadowing:1]]
[2019.08.14-18.37.46:341][  0]LogConfig: Setting CVar [[r.DistanceFieldAO:1]]
[2019.08.14-18.37.46:341][  0]LogConfig: Setting CVar [[r.AOQuality:2]]
[2019.08.14-18.37.46:341][  0]LogConfig: Setting CVar [[r.VolumetricFog:1]]
[2019.08.14-18.37.46:341][  0]LogConfig: Setting CVar [[r.VolumetricFog.GridPixelSize:8]]
[2019.08.14-18.37.46:341][  0]LogConfig: Setting CVar [[r.VolumetricFog.GridSizeZ:128]]
[2019.08.14-18.37.46:341][  0]LogConfig: Setting CVar [[r.VolumetricFog.HistoryMissSupersampleCount:4]]
[2019.08.14-18.37.46:341][  0]LogConfig: Setting CVar [[r.LightMaxDrawDistanceScale:1]]
[2019.08.14-18.37.46:341][  0]LogConfig: Setting CVar [[r.CapsuleShadows:1]]
[2019.08.14-18.37.46:341][  0]LogConfig: Applying CVar settings from Section [PostProcessQuality@3] File [E:/__source/unrealProjetos/UnrealPython/Saved/Config/Windows/Scalability.ini]
[2019.08.14-18.37.46:341][  0]LogConfig: Setting CVar [[r.MotionBlurQuality:4]]
[2019.08.14-18.37.46:341][  0]LogConfig: Setting CVar [[r.AmbientOcclusionMipLevelFactor:0.4]]
[2019.08.14-18.37.46:341][  0]LogConfig: Setting CVar [[r.AmbientOcclusionMaxQuality:100]]
[2019.08.14-18.37.46:341][  0]LogConfig: Setting CVar [[r.AmbientOcclusionLevels:-1]]
[2019.08.14-18.37.46:341][  0]LogConfig: Setting CVar [[r.AmbientOcclusionRadiusScale:1.0]]
[2019.08.14-18.37.46:341][  0]LogConfig: Setting CVar [[r.DepthOfFieldQuality:2]]
[2019.08.14-18.37.46:341][  0]LogConfig: Setting CVar [[r.RenderTargetPoolMin:400]]
[2019.08.14-18.37.46:341][  0]LogConfig: Setting CVar [[r.LensFlareQuality:2]]
[2019.08.14-18.37.46:341][  0]LogConfig: Setting CVar [[r.SceneColorFringeQuality:1]]
[2019.08.14-18.37.46:341][  0]LogConfig: Setting CVar [[r.EyeAdaptationQuality:2]]
[2019.08.14-18.37.46:341][  0]LogConfig: Setting CVar [[r.BloomQuality:5]]
[2019.08.14-18.37.46:341][  0]LogConfig: Setting CVar [[r.FastBlurThreshold:100]]
[2019.08.14-18.37.46:341][  0]LogConfig: Setting CVar [[r.Upscale.Quality:3]]
[2019.08.14-18.37.46:341][  0]LogConfig: Setting CVar [[r.Tonemapper.GrainQuantization:1]]
[2019.08.14-18.37.46:341][  0]LogConfig: Setting CVar [[r.LightShaftQuality:1]]
[2019.08.14-18.37.46:341][  0]LogConfig: Setting CVar [[r.Filter.SizeScale:1]]
[2019.08.14-18.37.46:341][  0]LogConfig: Setting CVar [[r.Tonemapper.Quality:5]]
[2019.08.14-18.37.46:341][  0]LogConfig: Setting CVar [[r.DOF.Gather.AccumulatorQuality:1        ; higher gathering accumulator quality]]
[2019.08.14-18.37.46:341][  0]LogConfig: Setting CVar [[r.DOF.Gather.PostfilterMethod:1          ; Median3x3 postfilering method]]
[2019.08.14-18.37.46:341][  0]LogConfig: Setting CVar [[r.DOF.Gather.EnableBokehSettings:0       ; no bokeh simulation when gathering]]
[2019.08.14-18.37.46:341][  0]LogConfig: Setting CVar [[r.DOF.Gather.RingCount:4                 ; medium number of samples when gathering]]
[2019.08.14-18.37.46:341][  0]LogConfig: Setting CVar [[r.DOF.Scatter.ForegroundCompositing:1    ; additive foreground scattering]]
[2019.08.14-18.37.46:341][  0]LogConfig: Setting CVar [[r.DOF.Scatter.BackgroundCompositing:2    ; additive background scattering]]
[2019.08.14-18.37.46:341][  0]LogConfig: Setting CVar [[r.DOF.Scatter.EnableBokehSettings:1      ; bokeh simulation when scattering]]
[2019.08.14-18.37.46:341][  0]LogConfig: Setting CVar [[r.DOF.Scatter.MaxSpriteRatio:0.1         ; only a maximum of 10% of scattered bokeh]]
[2019.08.14-18.37.46:341][  0]LogConfig: Setting CVar [[r.DOF.Recombine.Quality:1                ; cheap slight out of focus]]
[2019.08.14-18.37.46:341][  0]LogConfig: Setting CVar [[r.DOF.Recombine.EnableBokehSettings:0    ; no bokeh simulation on slight out of focus]]
[2019.08.14-18.37.46:341][  0]LogConfig: Setting CVar [[r.DOF.TemporalAAQuality:1                ; more stable temporal accumulation]]
[2019.08.14-18.37.46:341][  0]LogConfig: Setting CVar [[r.DOF.Kernel.MaxForegroundRadius:0.025]]
[2019.08.14-18.37.46:341][  0]LogConfig: Setting CVar [[r.DOF.Kernel.MaxBackgroundRadius:0.025]]
[2019.08.14-18.37.46:341][  0]LogConfig: Applying CVar settings from Section [TextureQuality@3] File [E:/__source/unrealProjetos/UnrealPython/Saved/Config/Windows/Scalability.ini]
[2019.08.14-18.37.46:341][  0]LogConfig: Setting CVar [[r.Streaming.MipBias:0]]
[2019.08.14-18.37.46:341][  0]LogConfig: Setting CVar [[r.Streaming.AmortizeCPUToGPUCopy:0]]
[2019.08.14-18.37.46:341][  0]LogConfig: Setting CVar [[r.Streaming.MaxNumTexturesToStreamPerFrame:0]]
[2019.08.14-18.37.46:341][  0]LogConfig: Setting CVar [[r.Streaming.Boost:1]]
[2019.08.14-18.37.46:342][  0]LogConfig: Setting CVar [[r.MaxAnisotropy:8]]
[2019.08.14-18.37.46:342][  0]LogConfig: Setting CVar [[r.Streaming.LimitPoolSizeToVRAM:0]]
[2019.08.14-18.37.46:342][  0]LogConfig: Setting CVar [[r.Streaming.PoolSize:1000]]
[2019.08.14-18.37.46:342][  0]LogConfig: Setting CVar [[r.Streaming.MaxEffectiveScreenSize:0]]
[2019.08.14-18.37.46:342][  0]LogConfig: Applying CVar settings from Section [EffectsQuality@3] File [E:/__source/unrealProjetos/UnrealPython/Saved/Config/Windows/Scalability.ini]
[2019.08.14-18.37.46:342][  0]LogConfig: Setting CVar [[r.TranslucencyLightingVolumeDim:64]]
[2019.08.14-18.37.46:342][  0]LogConfig: Setting CVar [[r.RefractionQuality:2]]
[2019.08.14-18.37.46:342][  0]LogConfig: Setting CVar [[r.SSR.Quality:3]]
[2019.08.14-18.37.46:342][  0]LogConfig: Setting CVar [[r.SceneColorFormat:4]]
[2019.08.14-18.37.46:342][  0]LogConfig: Setting CVar [[r.DetailMode:2]]
[2019.08.14-18.37.46:342][  0]LogConfig: Setting CVar [[r.TranslucencyVolumeBlur:1]]
[2019.08.14-18.37.46:342][  0]LogConfig: Setting CVar [[r.MaterialQualityLevel:1 ; High quality]]
[2019.08.14-18.37.46:342][  0]LogConfig: Setting CVar [[r.SSS.Scale:1]]
[2019.08.14-18.37.46:342][  0]LogConfig: Setting CVar [[r.SSS.SampleSet:2]]
[2019.08.14-18.37.46:342][  0]LogConfig: Setting CVar [[r.SSS.Quality:1]]
[2019.08.14-18.37.46:342][  0]LogConfig: Setting CVar [[r.SSS.HalfRes:1]]
[2019.08.14-18.37.46:342][  0]LogConfig: Setting CVar [[r.EmitterSpawnRateScale:1.0]]
[2019.08.14-18.37.46:342][  0]LogConfig: Setting CVar [[r.ParticleLightQuality:2]]
[2019.08.14-18.37.46:342][  0]LogConfig: Applying CVar settings from Section [FoliageQuality@3] File [E:/__source/unrealProjetos/UnrealPython/Saved/Config/Windows/Scalability.ini]
[2019.08.14-18.37.46:342][  0]LogConfig: Setting CVar [[foliage.DensityScale:1.0]]
[2019.08.14-18.37.46:342][  0]LogConfig: Setting CVar [[grass.DensityScale:1.0]]
[2019.08.14-18.37.46:342][  0]LogInit: Selected Device Profile: [Windows]
[2019.08.14-18.37.46:342][  0]LogInit: Applying CVar settings loaded from the selected device profile: [Windows]
[2019.08.14-18.37.46:355][  0]LogHAL: Display: Platform has ~ 16 GB [17162301440 / 17179869184 / 16], which maps to Larger [LargestMinGB=32, LargerMinGB=12, DefaultMinGB=8, SmallerMinGB=6, SmallestMinGB=0)
[2019.08.14-18.37.46:355][  0]LogConfig: Setting CVar [[r.Vulkan.UseRealUBs:0		; Required until we fix HLR fall-out]]
[2019.08.14-18.37.46:355][  0]LogInit: Going up to parent DeviceProfile []
[2019.08.14-18.37.46:355][  0]LogConfig: Applying CVar settings from Section [ViewDistanceQuality@3] File [E:/__source/unrealProjetos/UnrealPython/Saved/Config/Windows/Scalability.ini]
[2019.08.14-18.37.46:355][  0]LogConfig: Setting CVar [[r.SkeletalMeshLODBias:0]]
[2019.08.14-18.37.46:355][  0]LogConfig: Setting CVar [[r.ViewDistanceScale:1.0]]
[2019.08.14-18.37.46:355][  0]LogConfig: Applying CVar settings from Section [AntiAliasingQuality@3] File [E:/__source/unrealProjetos/UnrealPython/Saved/Config/Windows/Scalability.ini]
[2019.08.14-18.37.46:355][  0]LogConfig: Setting CVar [[r.PostProcessAAQuality:4]]
[2019.08.14-18.37.46:355][  0]LogConfig: Applying CVar settings from Section [ShadowQuality@3] File [E:/__source/unrealProjetos/UnrealPython/Saved/Config/Windows/Scalability.ini]
[2019.08.14-18.37.46:355][  0]LogConfig: Setting CVar [[r.LightFunctionQuality:1]]
[2019.08.14-18.37.46:355][  0]LogConfig: Setting CVar [[r.ShadowQuality:5]]
[2019.08.14-18.37.46:355][  0]LogConfig: Setting CVar [[r.Shadow.CSM.MaxCascades:10]]
[2019.08.14-18.37.46:355][  0]LogConfig: Setting CVar [[r.Shadow.MaxResolution:2048]]
[2019.08.14-18.37.46:355][  0]LogConfig: Setting CVar [[r.Shadow.MaxCSMResolution:2048]]
[2019.08.14-18.37.46:355][  0]LogConfig: Setting CVar [[r.Shadow.RadiusThreshold:0.01]]
[2019.08.14-18.37.46:355][  0]LogConfig: Setting CVar [[r.Shadow.DistanceScale:1.0]]
[2019.08.14-18.37.46:355][  0]LogConfig: Setting CVar [[r.Shadow.CSM.TransitionScale:1.0]]
[2019.08.14-18.37.46:355][  0]LogConfig: Setting CVar [[r.Shadow.PreShadowResolutionFactor:1.0]]
[2019.08.14-18.37.46:355][  0]LogConfig: Setting CVar [[r.DistanceFieldShadowing:1]]
[2019.08.14-18.37.46:355][  0]LogConfig: Setting CVar [[r.DistanceFieldAO:1]]
[2019.08.14-18.37.46:355][  0]LogConfig: Setting CVar [[r.AOQuality:2]]
[2019.08.14-18.37.46:355][  0]LogConfig: Setting CVar [[r.VolumetricFog:1]]
[2019.08.14-18.37.46:355][  0]LogConfig: Setting CVar [[r.VolumetricFog.GridPixelSize:8]]
[2019.08.14-18.37.46:355][  0]LogConfig: Setting CVar [[r.VolumetricFog.GridSizeZ:128]]
[2019.08.14-18.37.46:355][  0]LogConfig: Setting CVar [[r.VolumetricFog.HistoryMissSupersampleCount:4]]
[2019.08.14-18.37.46:355][  0]LogConfig: Setting CVar [[r.LightMaxDrawDistanceScale:1]]
[2019.08.14-18.37.46:355][  0]LogConfig: Setting CVar [[r.CapsuleShadows:1]]
[2019.08.14-18.37.46:356][  0]LogConfig: Applying CVar settings from Section [PostProcessQuality@3] File [E:/__source/unrealProjetos/UnrealPython/Saved/Config/Windows/Scalability.ini]
[2019.08.14-18.37.46:356][  0]LogConfig: Setting CVar [[r.MotionBlurQuality:4]]
[2019.08.14-18.37.46:356][  0]LogConfig: Setting CVar [[r.AmbientOcclusionMipLevelFactor:0.4]]
[2019.08.14-18.37.46:356][  0]LogConfig: Setting CVar [[r.AmbientOcclusionMaxQuality:100]]
[2019.08.14-18.37.46:356][  0]LogConfig: Setting CVar [[r.AmbientOcclusionLevels:-1]]
[2019.08.14-18.37.46:356][  0]LogConfig: Setting CVar [[r.AmbientOcclusionRadiusScale:1.0]]
[2019.08.14-18.37.46:356][  0]LogConfig: Setting CVar [[r.DepthOfFieldQuality:2]]
[2019.08.14-18.37.46:356][  0]LogConfig: Setting CVar [[r.RenderTargetPoolMin:400]]
[2019.08.14-18.37.46:356][  0]LogConfig: Setting CVar [[r.LensFlareQuality:2]]
[2019.08.14-18.37.46:356][  0]LogConfig: Setting CVar [[r.SceneColorFringeQuality:1]]
[2019.08.14-18.37.46:356][  0]LogConfig: Setting CVar [[r.EyeAdaptationQuality:2]]
[2019.08.14-18.37.46:356][  0]LogConfig: Setting CVar [[r.BloomQuality:5]]
[2019.08.14-18.37.46:356][  0]LogConfig: Setting CVar [[r.FastBlurThreshold:100]]
[2019.08.14-18.37.46:356][  0]LogConfig: Setting CVar [[r.Upscale.Quality:3]]
[2019.08.14-18.37.46:356][  0]LogConfig: Setting CVar [[r.Tonemapper.GrainQuantization:1]]
[2019.08.14-18.37.46:356][  0]LogConfig: Setting CVar [[r.LightShaftQuality:1]]
[2019.08.14-18.37.46:356][  0]LogConfig: Setting CVar [[r.Filter.SizeScale:1]]
[2019.08.14-18.37.46:356][  0]LogConfig: Setting CVar [[r.Tonemapper.Quality:5]]
[2019.08.14-18.37.46:356][  0]LogConfig: Setting CVar [[r.DOF.Gather.AccumulatorQuality:1        ; higher gathering accumulator quality]]
[2019.08.14-18.37.46:356][  0]LogConfig: Setting CVar [[r.DOF.Gather.PostfilterMethod:1          ; Median3x3 postfilering method]]
[2019.08.14-18.37.46:356][  0]LogConfig: Setting CVar [[r.DOF.Gather.EnableBokehSettings:0       ; no bokeh simulation when gathering]]
[2019.08.14-18.37.46:356][  0]LogConfig: Setting CVar [[r.DOF.Gather.RingCount:4                 ; medium number of samples when gathering]]
[2019.08.14-18.37.46:356][  0]LogConfig: Setting CVar [[r.DOF.Scatter.ForegroundCompositing:1    ; additive foreground scattering]]
[2019.08.14-18.37.46:356][  0]LogConfig: Setting CVar [[r.DOF.Scatter.BackgroundCompositing:2    ; additive background scattering]]
[2019.08.14-18.37.46:356][  0]LogConfig: Setting CVar [[r.DOF.Scatter.EnableBokehSettings:1      ; bokeh simulation when scattering]]
[2019.08.14-18.37.46:356][  0]LogConfig: Setting CVar [[r.DOF.Scatter.MaxSpriteRatio:0.1         ; only a maximum of 10% of scattered bokeh]]
[2019.08.14-18.37.46:356][  0]LogConfig: Setting CVar [[r.DOF.Recombine.Quality:1                ; cheap slight out of focus]]
[2019.08.14-18.37.46:356][  0]LogConfig: Setting CVar [[r.DOF.Recombine.EnableBokehSettings:0    ; no bokeh simulation on slight out of focus]]
[2019.08.14-18.37.46:356][  0]LogConfig: Setting CVar [[r.DOF.TemporalAAQuality:1                ; more stable temporal accumulation]]
[2019.08.14-18.37.46:356][  0]LogConfig: Setting CVar [[r.DOF.Kernel.MaxForegroundRadius:0.025]]
[2019.08.14-18.37.46:356][  0]LogConfig: Setting CVar [[r.DOF.Kernel.MaxBackgroundRadius:0.025]]
[2019.08.14-18.37.46:356][  0]LogConfig: Applying CVar settings from Section [TextureQuality@3] File [E:/__source/unrealProjetos/UnrealPython/Saved/Config/Windows/Scalability.ini]
[2019.08.14-18.37.46:356][  0]LogConfig: Setting CVar [[r.Streaming.MipBias:0]]
[2019.08.14-18.37.46:356][  0]LogConfig: Setting CVar [[r.Streaming.AmortizeCPUToGPUCopy:0]]
[2019.08.14-18.37.46:356][  0]LogConfig: Setting CVar [[r.Streaming.MaxNumTexturesToStreamPerFrame:0]]
[2019.08.14-18.37.46:356][  0]LogConfig: Setting CVar [[r.Streaming.Boost:1]]
[2019.08.14-18.37.46:356][  0]LogConfig: Setting CVar [[r.MaxAnisotropy:8]]
[2019.08.14-18.37.46:356][  0]LogConfig: Setting CVar [[r.Streaming.LimitPoolSizeToVRAM:0]]
[2019.08.14-18.37.46:356][  0]LogConfig: Setting CVar [[r.Streaming.PoolSize:1000]]
[2019.08.14-18.37.46:356][  0]LogConfig: Setting CVar [[r.Streaming.MaxEffectiveScreenSize:0]]
[2019.08.14-18.37.46:356][  0]LogConfig: Applying CVar settings from Section [EffectsQuality@3] File [E:/__source/unrealProjetos/UnrealPython/Saved/Config/Windows/Scalability.ini]
[2019.08.14-18.37.46:356][  0]LogConfig: Setting CVar [[r.TranslucencyLightingVolumeDim:64]]
[2019.08.14-18.37.46:356][  0]LogConfig: Setting CVar [[r.RefractionQuality:2]]
[2019.08.14-18.37.46:356][  0]LogConfig: Setting CVar [[r.SSR.Quality:3]]
[2019.08.14-18.37.46:356][  0]LogConfig: Setting CVar [[r.SceneColorFormat:4]]
[2019.08.14-18.37.46:356][  0]LogConfig: Setting CVar [[r.DetailMode:2]]
[2019.08.14-18.37.46:356][  0]LogConfig: Setting CVar [[r.TranslucencyVolumeBlur:1]]
[2019.08.14-18.37.46:356][  0]LogConfig: Setting CVar [[r.MaterialQualityLevel:1 ; High quality]]
[2019.08.14-18.37.46:356][  0]LogConfig: Setting CVar [[r.SSS.Scale:1]]
[2019.08.14-18.37.46:356][  0]LogConfig: Setting CVar [[r.SSS.SampleSet:2]]
[2019.08.14-18.37.46:356][  0]LogConfig: Setting CVar [[r.SSS.Quality:1]]
[2019.08.14-18.37.46:356][  0]LogConfig: Setting CVar [[r.SSS.HalfRes:1]]
[2019.08.14-18.37.46:356][  0]LogConfig: Setting CVar [[r.EmitterSpawnRateScale:1.0]]
[2019.08.14-18.37.46:356][  0]LogConfig: Setting CVar [[r.ParticleLightQuality:2]]
[2019.08.14-18.37.46:356][  0]LogConfig: Applying CVar settings from Section [FoliageQuality@3] File [E:/__source/unrealProjetos/UnrealPython/Saved/Config/Windows/Scalability.ini]
[2019.08.14-18.37.46:356][  0]LogConfig: Setting CVar [[foliage.DensityScale:1.0]]
[2019.08.14-18.37.46:356][  0]LogConfig: Setting CVar [[grass.DensityScale:1.0]]
[2019.08.14-18.37.46:356][  0]LogConfig: Applying CVar settings from Section [Startup] File [../../../Engine/Config/ConsoleVariables.ini]
[2019.08.14-18.37.46:357][  0]LogConfig: Setting CVar [[net.UseAdaptiveNetUpdateFrequency:0]]
[2019.08.14-18.37.46:357][  0]LogConfig: Setting CVar [[p.chaos.AllowCreatePhysxBodies:1]]
[2019.08.14-18.37.46:357][  0]LogConfig: Applying CVar settings from Section [ConsoleVariables] File [E:/__source/unrealProjetos/UnrealPython/Saved/Config/Windows/Engine.ini]
[2019.08.14-18.37.46:357][  0]LogInit: Computer: LAB202019
[2019.08.14-18.37.46:357][  0]LogInit: User: jorge
[2019.08.14-18.37.46:357][  0]LogInit: CPU Page size=4096, Cores=4
[2019.08.14-18.37.46:357][  0]LogInit: High frequency timer resolution =10.000000 MHz
[2019.08.14-18.37.46:357][  0]LogMemory: Memory total: Physical=16.0GB (16GB approx)
[2019.08.14-18.37.46:357][  0]LogMemory: Platform Memory Stats for Windows
[2019.08.14-18.37.46:357][  0]LogMemory: Process Physical Memory: 99.61 MB used, 99.61 MB peak
[2019.08.14-18.37.46:357][  0]LogMemory: Process Virtual Memory: 90.96 MB used, 90.96 MB peak
[2019.08.14-18.37.46:357][  0]LogMemory: Physical Memory: 8743.86 MB used,  7623.39 MB free, 16367.25 MB total
[2019.08.14-18.37.46:357][  0]LogMemory: Virtual Memory: 4644.26 MB used,  134213080.00 MB free, 134217728.00 MB total
[2019.08.14-18.37.46:374][  0]LogInit: Overriding language with editor language configuration option (en).
[2019.08.14-18.37.46:374][  0]LogInit: Overriding locale with editor locale configuration option (en).
[2019.08.14-18.37.46:536][  0]LogInit: Setting process to per monitor DPI aware
[2019.08.14-18.37.46:569][  0]LogSlate: New Slate User Created.  User Index 0, Is Virtual User: 0
[2019.08.14-18.37.46:569][  0]LogSlate: Slate User Registered.  User Index 0, Is Virtual User: 0
[2019.08.14-18.37.46:747][  0]LogHMD: Failed to initialize OpenVR with code 110
[2019.08.14-18.37.46:747][  0]LogD3D11RHI: D3D11 adapters:
[2019.08.14-18.37.46:808][  0]LogD3D11RHI:    0. 'NVIDIA GeForce GTX 750 Ti' (Feature Level 11_0)
[2019.08.14-18.37.46:808][  0]LogD3D11RHI:       2007/0/8183 MB DedicatedVideo/DedicatedSystem/SharedSystem, Outputs:1, VendorId:0x10de
[2019.08.14-18.37.46:811][  0]LogD3D11RHI:    1. 'Microsoft Basic Render Driver' (Feature Level 11_0)
[2019.08.14-18.37.46:811][  0]LogD3D11RHI:       0/0/8183 MB DedicatedVideo/DedicatedSystem/SharedSystem, Outputs:0, VendorId:0x1414
[2019.08.14-18.37.46:811][  0]LogD3D11RHI: Chosen D3D11 Adapter: 0
[2019.08.14-18.37.46:818][  0]LogD3D11RHI: Creating new Direct3DDevice
[2019.08.14-18.37.46:818][  0]LogD3D11RHI:     GPU DeviceId: 0x1380 (for the marketing name, search the web for "GPU Device Id")
[2019.08.14-18.37.46:818][  0]LogWindows: EnumDisplayDevices:
[2019.08.14-18.37.46:818][  0]LogWindows:    0. 'NVIDIA GeForce GTX 750 Ti' (P:1 D:1)
[2019.08.14-18.37.46:818][  0]LogWindows:    1. 'NVIDIA GeForce GTX 750 Ti' (P:0 D:0)
[2019.08.14-18.37.46:818][  0]LogWindows:    2. 'NVIDIA GeForce GTX 750 Ti' (P:0 D:0)
[2019.08.14-18.37.46:819][  0]LogWindows:    3. 'NVIDIA GeForce GTX 750 Ti' (P:0 D:0)
[2019.08.14-18.37.46:819][  0]LogWindows: DebugString: FoundDriverCount:4 
[2019.08.14-18.37.46:819][  0]LogD3D11RHI:     Adapter Name: NVIDIA GeForce GTX 750 Ti
[2019.08.14-18.37.46:819][  0]LogD3D11RHI:   Driver Version: 425.25 (internal:25.21.14.2525, unified:425.25)
[2019.08.14-18.37.46:819][  0]LogD3D11RHI:      Driver Date: 4-6-2019
[2019.08.14-18.37.46:819][  0]LogRHI: Texture pool is 1405 MB (70% of 2007 MB)
[2019.08.14-18.37.46:864][  0]LogD3D11RHI: Async texture creation enabled
[2019.08.14-18.37.46:867][  0]LogRendererCore: FGlobalReadBuffer::InitRHI
[2019.08.14-18.37.46:868][  0]LogRendererCore: FGlobalReadBuffer::InitRHI
[2019.08.14-18.37.46:868][  0]LogRendererCore: FGlobalReadBuffer::InitRHI
[2019.08.14-18.37.46:875][  0]LogD3D11RHI: GPU Timing Frequency: 1000.000000 (Debug: 2 1)
[2019.08.14-18.37.47:218][  0]LogTemp: Display: Module 'AllDesktopTargetPlatform' loaded TargetPlatform 'AllDesktop'
[2019.08.14-18.37.47:232][  0]LogTemp: Display: Module 'MacClientTargetPlatform' loaded TargetPlatform 'MacClient'
[2019.08.14-18.37.47:247][  0]LogTemp: Display: Module 'MacNoEditorTargetPlatform' loaded TargetPlatform 'MacNoEditor'
[2019.08.14-18.37.47:261][  0]LogTemp: Display: Module 'MacServerTargetPlatform' loaded TargetPlatform 'MacServer'
[2019.08.14-18.37.47:276][  0]LogTemp: Display: Module 'MacTargetPlatform' loaded TargetPlatform 'Mac'
[2019.08.14-18.37.47:291][  0]LogTemp: Display: Module 'WindowsClientTargetPlatform' loaded TargetPlatform 'WindowsClient'
[2019.08.14-18.37.47:305][  0]LogTemp: Display: Module 'WindowsNoEditorTargetPlatform' loaded TargetPlatform 'WindowsNoEditor'
[2019.08.14-18.37.47:320][  0]LogTemp: Display: Module 'WindowsServerTargetPlatform' loaded TargetPlatform 'WindowsServer'
[2019.08.14-18.37.47:326][  0]LogTemp: Display: Module 'WindowsTargetPlatform' loaded TargetPlatform 'Windows'
[2019.08.14-18.37.47:415][  0]LogTemp: Display: Module 'AndroidTargetPlatform' loaded TargetPlatform 'Android'
[2019.08.14-18.37.47:415][  0]LogTemp: Display: Module 'AndroidTargetPlatform' loaded TargetPlatform 'Android_ASTC'
[2019.08.14-18.37.47:415][  0]LogTemp: Display: Module 'AndroidTargetPlatform' loaded TargetPlatform 'Android_ATC'
[2019.08.14-18.37.47:415][  0]LogTemp: Display: Module 'AndroidTargetPlatform' loaded TargetPlatform 'Android_DXT'
[2019.08.14-18.37.47:415][  0]LogTemp: Display: Module 'AndroidTargetPlatform' loaded TargetPlatform 'Android_ETC1'
[2019.08.14-18.37.47:415][  0]LogTemp: Display: Module 'AndroidTargetPlatform' loaded TargetPlatform 'Android_ETC1a'
[2019.08.14-18.37.47:415][  0]LogTemp: Display: Module 'AndroidTargetPlatform' loaded TargetPlatform 'Android_ETC2'
[2019.08.14-18.37.47:415][  0]LogTemp: Display: Module 'AndroidTargetPlatform' loaded TargetPlatform 'Android_PVRTC'
[2019.08.14-18.37.47:415][  0]LogTemp: Display: Module 'AndroidTargetPlatform' loaded TargetPlatform 'AndroidClient'
[2019.08.14-18.37.47:415][  0]LogTemp: Display: Module 'AndroidTargetPlatform' loaded TargetPlatform 'Android_ASTCClient'
[2019.08.14-18.37.47:415][  0]LogTemp: Display: Module 'AndroidTargetPlatform' loaded TargetPlatform 'Android_ATCClient'
[2019.08.14-18.37.47:415][  0]LogTemp: Display: Module 'AndroidTargetPlatform' loaded TargetPlatform 'Android_DXTClient'
[2019.08.14-18.37.47:415][  0]LogTemp: Display: Module 'AndroidTargetPlatform' loaded TargetPlatform 'Android_ETC1Client'
[2019.08.14-18.37.47:415][  0]LogTemp: Display: Module 'AndroidTargetPlatform' loaded TargetPlatform 'Android_ETC1aClient'
[2019.08.14-18.37.47:415][  0]LogTemp: Display: Module 'AndroidTargetPlatform' loaded TargetPlatform 'Android_ETC2Client'
[2019.08.14-18.37.47:415][  0]LogTemp: Display: Module 'AndroidTargetPlatform' loaded TargetPlatform 'Android_PVRTCClient'
[2019.08.14-18.37.47:415][  0]LogTemp: Display: Module 'AndroidTargetPlatform' loaded TargetPlatform 'Android_Multi'
[2019.08.14-18.37.47:415][  0]LogTemp: Display: Module 'AndroidTargetPlatform' loaded TargetPlatform 'Android_MultiClient'
[2019.08.14-18.37.47:417][  0]LogTemp: Display: Module 'HTML5TargetPlatform' loaded TargetPlatform 'HTML5'
[2019.08.14-18.37.47:468][  0]LogTemp: Display: Module 'IOSTargetPlatform' loaded TargetPlatform 'IOSClient'
[2019.08.14-18.37.47:468][  0]LogTemp: Display: Module 'IOSTargetPlatform' loaded TargetPlatform 'IOS'
[2019.08.14-18.37.47:511][  0]LogTemp: Display: Module 'TVOSTargetPlatform' loaded TargetPlatform 'TVOSClient'
[2019.08.14-18.37.47:511][  0]LogTemp: Display: Module 'TVOSTargetPlatform' loaded TargetPlatform 'TVOS'
[2019.08.14-18.37.47:526][  0]LogTemp: Display: Module 'LinuxClientTargetPlatform' loaded TargetPlatform 'LinuxClient'
[2019.08.14-18.37.47:540][  0]LogTemp: Display: Module 'LinuxNoEditorTargetPlatform' loaded TargetPlatform 'LinuxNoEditor'
[2019.08.14-18.37.47:553][  0]LogTemp: Display: Module 'LinuxServerTargetPlatform' loaded TargetPlatform 'LinuxServer'
[2019.08.14-18.37.47:569][  0]LogTemp: Display: Module 'LinuxTargetPlatform' loaded TargetPlatform 'Linux'
[2019.08.14-18.37.47:618][  0]LogTemp: Display: Module 'LuminTargetPlatform' loaded TargetPlatform 'Lumin'
[2019.08.14-18.37.47:618][  0]LogTemp: Display: Module 'LuminTargetPlatform' loaded TargetPlatform 'LuminClient'
[2019.08.14-18.37.47:618][  0]LogTargetPlatformManager: Display: Building Assets For Windows
[2019.08.14-18.37.47:626][  0]LogAudioDebug: Display: Lib vorbis DLL was dynamically loaded.
[2019.08.14-18.37.47:665][  0]LogShaderCompilers: Guid format shader working directory is 7 characters bigger than the processId version (E:/__source/unrealProjetos/UnrealPython/Intermediate/Shaders/WorkingDirectory/5100/).
[2019.08.14-18.37.47:665][  0]LogShaderCompilers: Cleaned the shader compiler working directory 'C:/Users/jorge/AppData/Local/Temp/UnrealShaderWorkingDir/DB5A628A476B82C5C6A82FB40F6B9731/'.
[2019.08.14-18.37.47:667][  0]LogXGEController: Cannot use XGE Controller as Incredibuild is not installed on this machine.
[2019.08.14-18.37.47:667][  0]LogShaderCompilers: Cannot use XGE Shader Compiler as Incredibuild is not installed on this machine.
[2019.08.14-18.37.47:667][  0]LogShaderCompilers: Display: Using Local Shader Compiler.
[2019.08.14-18.37.48:379][  0]LogDerivedDataCache: Display: Max Cache Size: 512 MB
[2019.08.14-18.37.48:441][  0]LogDerivedDataCache: Loaded boot cache 0.06s 71MB C:/Users/jorge/AppData/Local/UnrealEngine/4.22/DerivedDataCache/Boot.ddc.
[2019.08.14-18.37.48:441][  0]LogDerivedDataCache: Display: Loaded Boot cache: C:/Users/jorge/AppData/Local/UnrealEngine/4.22/DerivedDataCache/Boot.ddc
[2019.08.14-18.37.48:442][  0]LogDerivedDataCache: FDerivedDataBackendGraph:  Pak pak cache file E:/__source/unrealProjetos/UnrealPython/DerivedDataCache/DDC.ddp not found, will not use a pak cache.
[2019.08.14-18.37.48:442][  0]LogDerivedDataCache: Unable to find inner node Pak for hierarchical cache Hierarchy.
[2019.08.14-18.37.48:442][  0]LogDerivedDataCache: FDerivedDataBackendGraph:  CompressedPak pak cache file E:/__source/unrealProjetos/UnrealPython/DerivedDataCache/Compressed.ddp not found, will not use a pak cache.
[2019.08.14-18.37.48:442][  0]LogDerivedDataCache: Unable to find inner node CompressedPak for hierarchical cache Hierarchy.
[2019.08.14-18.37.48:457][  0]LogDerivedDataCache: Display: Pak cache opened for reading ../../../Engine/DerivedDataCache/Compressed.ddp.
[2019.08.14-18.37.48:457][  0]LogDerivedDataCache: FDerivedDataBackendGraph:  EnterprisePak pak cache file ../../../Enterprise/DerivedDataCache/Compressed.ddp not found, will not use a pak cache.
[2019.08.14-18.37.48:457][  0]LogDerivedDataCache: Unable to find inner node EnterprisePak for hierarchical cache Hierarchy.
[2019.08.14-18.37.48:469][  0]LogDerivedDataCache: Using Local data cache path C:/Users/jorge/AppData/Local/UnrealEngine/Common/DerivedDataCache: Writable
[2019.08.14-18.37.48:469][  0]LogDerivedDataCache: Shared data cache path not found in *engine.ini, will not use an Shared cache.
[2019.08.14-18.37.48:469][  0]LogDerivedDataCache: Unable to find inner node Shared for hierarchical cache Hierarchy.
[2019.08.14-18.37.48:495][  0]LogMaterial: Verifying Global Shaders for PCD3D_SM5
[2019.08.14-18.37.48:496][  0]LogSlate: Using FreeType 2.6.0
[2019.08.14-18.37.48:497][  0]LogSlate: SlateFontServices - WITH_FREETYPE: 1, WITH_HARFBUZZ: 1
[2019.08.14-18.37.48:583][  0]LogAssetRegistry: FAssetRegistry took 0.0345 seconds to start up
[2019.08.14-18.37.48:968][  0]LogInit: Selected Device Profile: [Windows]
[2019.08.14-18.37.49:124][  0]LogMeshReduction: Using QuadricMeshReduction for automatic static mesh reduction
[2019.08.14-18.37.49:124][  0]LogMeshReduction: Using SimplygonMeshReduction for automatic skeletal mesh reduction
[2019.08.14-18.37.49:124][  0]LogMeshReduction: Using ProxyLODMeshReduction for automatic mesh merging
[2019.08.14-18.37.49:124][  0]LogMeshReduction: No distributed automatic mesh merging module available
[2019.08.14-18.37.49:124][  0]LogMeshMerging: No distributed automatic mesh merging module available
[2019.08.14-18.37.49:135][  0]LogNetVersion: UnrealPython 1.0.0, NetCL: 5660361, EngineNetVer: 10, GameNetVer: 0 (Checksum: 1086594662)
[2019.08.14-18.37.49:557][  0]LogPackageLocalizationCache: Processed 12 localized package path(s) for 1 prioritized culture(s) in 0.047430 seconds
[2019.08.14-18.37.49:564][  0]LogUObjectArray: 42205 objects as part of root set at end of initial load.
[2019.08.14-18.37.49:564][  0]LogUObjectAllocator: 7325032 out of 0 bytes used by permanent object pool.
[2019.08.14-18.37.49:564][  0]LogUObjectArray: CloseDisregardForGC: 0/0 objects in disregard for GC pool
[2019.08.14-18.37.51:044][  0]LogTcpMessaging: Initializing TcpMessaging bridge
[2019.08.14-18.37.51:057][  0]LogUdpMessaging: Initializing bridge on interface 0.0.0.0:0 to multicast group 230.0.0.1:6666.
[2019.08.14-18.37.51:179][  0]SourceControl: Source control is disabled
[2019.08.14-18.37.51:179][  0]SourceControl: Source control is disabled
[2019.08.14-18.37.51:180][  0]SourceControl: Source control is disabled
[2019.08.14-18.37.51:181][  0]SourceControl: Source control is disabled
[2019.08.14-18.37.51:277][  0]LogAndroidPermission: UAndroidPermissionCallbackProxy::GetInstance
[2019.08.14-18.37.51:408][  0]LogOcInput: OculusInput pre-init called
[2019.08.14-18.37.51:978][  0]LogWindows: Failed to load 'E:/__source/unrealProjetos/UnrealPython/Plugins/UnrealEnginePython/Binaries/Win64/UE4Editor-UnrealEnginePython.dll' (GetLastError=126)
[2019.08.14-18.37.51:978][  0]LogWindows:   Missing import: python37.dll
[2019.08.14-18.37.51:978][  0]LogWindows:   Looked in: ../../../Engine/Binaries/Win64
[2019.08.14-18.37.51:978][  0]LogWindows:   Looked in: E:/__source/unrealProjetos/UnrealPython/Binaries/Win64
[2019.08.14-18.37.51:978][  0]LogWindows:   Looked in: E:\__source\unrealProjetos\UnrealPython\Binaries\Win64
[2019.08.14-18.37.51:978][  0]LogWindows:   Looked in: F:\__Utilitarios\Epic Games\UE_4.22\Engine\Plugins\Experimental\PythonScriptPlugin\Binaries\Win64
[2019.08.14-18.37.51:978][  0]LogWindows:   Looked in: F:\__Utilitarios\Epic Games\UE_4.22\Engine\Plugins\2D\Paper2D\Binaries\Win64
[2019.08.14-18.37.51:978][  0]LogWindows:   Looked in: F:\__Utilitarios\Epic Games\UE_4.22\Engine\Plugins\AI\AISupport\Binaries\Win64
[2019.08.14-18.37.51:978][  0]LogWindows:   Looked in: F:\__Utilitarios\Epic Games\UE_4.22\Engine\Plugins\Blendables\LightPropagationVolume\Binaries\Win64
[2019.08.14-18.37.51:978][  0]LogWindows:   Looked in: F:\__Utilitarios\Epic Games\UE_4.22\Engine\Plugins\Developer\ActorLayerUtilities\Binaries\Win64
[2019.08.14-18.37.51:978][  0]LogWindows:   Looked in: F:\__Utilitarios\Epic Games\UE_4.22\Engine\Plugins\Developer\AnimationSharing\Binaries\Win64
[2019.08.14-18.37.51:978][  0]LogWindows:   Looked in: F:\__Utilitarios\Epic Games\UE_4.22\Engine\Plugins\Runtime\SignificanceManager\Binaries\Win64
[2019.08.14-18.37.51:978][  0]LogWindows:   Looked in: F:\__Utilitarios\Epic Games\UE_4.22\Engine\Plugins\Developer\CLionSourceCodeAccess\Binaries\Win64
[2019.08.14-18.37.51:978][  0]LogWindows:   Looked in: F:\__Utilitarios\Epic Games\UE_4.22\Engine\Plugins\Developer\CodeLiteSourceCodeAccess\Binaries\Win64
[2019.08.14-18.37.51:978][  0]LogWindows:   Looked in: F:\__Utilitarios\Epic Games\UE_4.22\Engine\Plugins\Developer\GitSourceControl\Binaries\Win64
[2019.08.14-18.37.51:978][  0]LogWindows:   Looked in: F:\__Utilitarios\Epic Games\UE_4.22\Engine\Plugins\Developer\KDevelopSourceCodeAccess\Binaries\Win64
[2019.08.14-18.37.51:978][  0]LogWindows:   Looked in: F:\__Utilitarios\Epic Games\UE_4.22\Engine\Plugins\Developer\NullSourceCodeAccess\Binaries\Win64
[2019.08.14-18.37.51:978][  0]LogWindows:   Looked in: F:\__Utilitarios\Epic Games\UE_4.22\Engine\Plugins\Developer\PerforceSourceControl\Binaries\Win64
[2019.08.14-18.37.51:979][  0]LogWindows:   Looked in: F:\__Utilitarios\Epic Games\UE_4.22\Engine\Plugins\Developer\SubversionSourceControl\Binaries\Win64
[2019.08.14-18.37.51:979][  0]LogWindows:   Looked in: F:\__Utilitarios\Epic Games\UE_4.22\Engine\Plugins\Developer\UObjectPlugin\Binaries\Win64
[2019.08.14-18.37.51:979][  0]LogWindows:   Looked in: F:\__Utilitarios\Epic Games\UE_4.22\Engine\Plugins\Developer\VisualStudioCodeSourceCodeAccess\Binaries\Win64
[2019.08.14-18.37.51:979][  0]LogWindows:   Looked in: F:\__Utilitarios\Epic Games\UE_4.22\Engine\Plugins\Developer\VisualStudioSourceCodeAccess\Binaries\Win64
[2019.08.14-18.37.51:979][  0]LogWindows:   Looked in: F:\__Utilitarios\Epic Games\UE_4.22\Engine\Plugins\Developer\XCodeSourceCodeAccess\Binaries\Win64
[2019.08.14-18.37.51:979][  0]LogWindows:   Looked in: F:\__Utilitarios\Epic Games\UE_4.22\Engine\Plugins\Editor\AssetManagerEditor\Binaries\Win64
[2019.08.14-18.37.51:979][  0]LogWindows:   Looked in: F:\__Utilitarios\Epic Games\UE_4.22\Engine\Plugins\Editor\CryptoKeys\Binaries\Win64
[2019.08.14-18.37.51:979][  0]LogWindows:   Looked in: F:\__Utilitarios\Epic Games\UE_4.22\Engine\Plugins\Editor\DataValidation\Binaries\Win64
[2019.08.14-18.37.51:979][  0]LogWindows:   Looked in: F:\__Utilitarios\Epic Games\UE_4.22\Engine\Plugins\Editor\FacialAnimation\Binaries\Win64
[2019.08.14-18.37.51:979][  0]LogWindows:   Looked in: F:\__Utilitarios\Epic Games\UE_4.22\Engine\Plugins\Editor\GameplayTagsEditor\Binaries\Win64
[2019.08.14-18.37.51:979][  0]LogWindows:   Looked in: F:\__Utilitarios\Epic Games\UE_4.22\Engine\Plugins\Editor\MacGraphicsSwitching\Binaries\Win64
[2019.08.14-18.37.51:979][  0]LogWindows:   Looked in: F:\__Utilitarios\Epic Games\UE_4.22\Engine\Plugins\Editor\MaterialAnalyzer\Binaries\Win64
[2019.08.14-18.37.51:979][  0]LogWindows:   Looked in: F:\__Utilitarios\Epic Games\UE_4.22\Engine\Plugins\Editor\MobileLauncherProfileWizard\Binaries\Win64
[2019.08.14-18.37.51:979][  0]LogWindows:   Looked in: F:\__Utilitarios\Epic Games\UE_4.22\Engine\Plugins\Editor\PluginBrowser\Binaries\Win64
[2019.08.14-18.37.51:979][  0]LogWindows:   Looked in: F:\__Utilitarios\Epic Games\UE_4.22\Engine\Plugins\Editor\SpeedTreeImporter\Binaries\Win64
[2019.08.14-18.37.51:979][  0]LogWindows:   Looked in: F:\__Utilitarios\Epic Games\UE_4.22\Engine\Plugins\Enterprise\DatasmithContent\Binaries\Win64
[2019.08.14-18.37.51:979][  0]LogWindows:   Looked in: F:\__Utilitarios\Epic Games\UE_4.22\Engine\Plugins\Enterprise\VariantManagerContent\Binaries\Win64
[2019.08.14-18.37.51:979][  0]LogWindows:   Looked in: F:\__Utilitarios\Epic Games\UE_4.22\Engine\Plugins\Experimental\AlembicImporter\Binaries\Win64
[2019.08.14-18.37.51:979][  0]LogWindows:   Looked in: F:\__Utilitarios\Epic Games\UE_4.22\Engine\Plugins\Experimental\GeometryCache\Binaries\Win64
[2019.08.14-18.37.51:979][  0]LogWindows:   Looked in: F:\__Utilitarios\Epic Games\UE_4.22\Engine\Plugins\Experimental\AppleImageUtils\Binaries\Win64
[2019.08.14-18.37.51:979][  0]LogWindows:   Looked in: F:\__Utilitarios\Epic Games\UE_4.22\Engine\Plugins\Experimental\AppleVision\Binaries\Win64
[2019.08.14-18.37.51:979][  0]LogWindows:   Looked in: F:\__Utilitarios\Epic Games\UE_4.22\Engine\Plugins\Experimental\BackChannel\Binaries\Win64
[2019.08.14-18.37.51:979][  0]LogWindows:   Looked in: F:\__Utilitarios\Epic Games\UE_4.22\Engine\Plugins\Experimental\CharacterAI\Binaries\Win64
[2019.08.14-18.37.51:979][  0]LogWindows:   Looked in: F:\__Utilitarios\Epic Games\UE_4.22\Engine\Plugins\Experimental\HTML5Networking\Binaries\Win64
[2019.08.14-18.37.51:979][  0]LogWindows:   Looked in: F:\__Utilitarios\Epic Games\UE_4.22\Engine\Plugins\Experimental\ProxyLODPlugin\Binaries\Win64
[2019.08.14-18.37.51:979][  0]LogWindows:   Looked in: F:\__Utilitarios\Epic Games\UE_4.22\Engine\Plugins\Experimental\SkeletalReduction\Binaries\Win64
[2019.08.14-18.37.51:979][  0]LogWindows:   Looked in: F:\__Utilitarios\Epic Games\UE_4.22\Engine\Plugins\Lumin\MagicLeap\Binaries\Win64
[2019.08.14-18.37.51:979][  0]LogWindows:   Looked in: F:\__Utilitarios\Epic Games\UE_4.22\Engine\Plugins\Runtime\ProceduralMeshComponent\Binaries\Win64
[2019.08.14-18.37.51:979][  0]LogWindows:   Looked in: F:\__Utilitarios\Epic Games\UE_4.22\Engine\Plugins\Lumin\MagicLeapMedia\Binaries\Win64
[2019.08.14-18.37.51:979][  0]LogWindows:   Looked in: F:\__Utilitarios\Epic Games\UE_4.22\Engine\Plugins\Media\AndroidMedia\Binaries\Win64
[2019.08.14-18.37.51:979][  0]LogWindows:   Looked in: F:\__Utilitarios\Epic Games\UE_4.22\Engine\Plugins\Media\AvfMedia\Binaries\Win64
[2019.08.14-18.37.51:979][  0]LogWindows:   Looked in: F:\__Utilitarios\Epic Games\UE_4.22\Engine\Plugins\Media\ImgMedia\Binaries\Win64
[2019.08.14-18.37.51:979][  0]LogWindows:   Looked in: F:\__Utilitarios\Epic Games\UE_4.22\Engine\Plugins\Media\LinearTimecode\Binaries\Win64
[2019.08.14-18.37.51:979][  0]LogWindows:   Looked in: F:\__Utilitarios\Epic Games\UE_4.22\Engine\Plugins\Media\MediaCompositing\Binaries\Win64
[2019.08.14-18.37.51:979][  0]LogWindows:   Looked in: F:\__Utilitarios\Epic Games\UE_4.22\Engine\Plugins\Media\MediaPlayerEditor\Binaries\Win64
[2019.08.14-18.37.51:979][  0]LogWindows:   Looked in: F:\__Utilitarios\Epic Games\UE_4.22\Engine\Plugins\Media\WmfMedia\Binaries\Win64
[2019.08.14-18.37.51:979][  0]LogWindows:   Looked in: F:\__Utilitarios\Epic Games\UE_4.22\Engine\Plugins\Messaging\TcpMessaging\Binaries\Win64
[2019.08.14-18.37.51:979][  0]LogWindows:   Looked in: F:\__Utilitarios\Epic Games\UE_4.22\Engine\Plugins\Messaging\UdpMessaging\Binaries\Win64
[2019.08.14-18.37.51:979][  0]LogWindows:   Looked in: F:\__Utilitarios\Epic Games\UE_4.22\Engine\Plugins\MovieScene\ActorSequence\Binaries\Win64
[2019.08.14-18.37.51:979][  0]LogWindows:   Looked in: F:\__Utilitarios\Epic Games\UE_4.22\Engine\Plugins\MovieScene\LevelSequenceEditor\Binaries\Win64
[2019.08.14-18.37.51:979][  0]LogWindows:   Looked in: F:\__Utilitarios\Epic Games\UE_4.22\Engine\Plugins\MovieScene\MatineeToLevelSequence\Binaries\Win64
[2019.08.14-18.37.51:979][  0]LogWindows:   Looked in: F:\__Utilitarios\Epic Games\UE_4.22\Engine\Plugins\NetcodeUnitTest\NetcodeUnitTest\Binaries\Win64
[2019.08.14-18.37.51:979][  0]LogWindows:   Looked in: F:\__Utilitarios\Epic Games\UE_4.22\Engine\Plugins\NetcodeUnitTest\NUTUnrealEngine4\Binaries\Win64
[2019.08.14-18.37.51:979][  0]LogWindows:   Looked in: F:\__Utilitarios\Epic Games\UE_4.22\Engine\Plugins\Online\Android\OnlineSubsystemGooglePlay\Binaries\Win64
[2019.08.14-18.37.51:979][  0]LogWindows:   Looked in: F:\__Utilitarios\Epic Games\UE_4.22\Engine\Plugins\Online\OnlineSubsystem\Binaries\Win64
[2019.08.14-18.37.51:979][  0]LogWindows:   Looked in: F:\__Utilitarios\Epic Games\UE_4.22\Engine\Plugins\Runtime\AndroidPermission\Binaries\Win64
[2019.08.14-18.37.51:979][  0]LogWindows:   Looked in: F:\__Utilitarios\Epic Games\UE_4.22\Engine\Plugins\Online\IOS\OnlineSubsystemIOS\Binaries\Win64
[2019.08.14-18.37.51:979][  0]LogWindows:   Looked in: F:\__Utilitarios\Epic Games\UE_4.22\Engine\Plugins\Online\OnlineSubsystemNull\Binaries\Win64
[2019.08.14-18.37.51:979][  0]LogWindows:   Looked in: F:\__Utilitarios\Epic Games\UE_4.22\Engine\Plugins\Online\OnlineSubsystemUtils\Binaries\Win64
[2019.08.14-18.37.51:979][  0]LogWindows:   Looked in: F:\__Utilitarios\Epic Games\UE_4.22\Engine\Plugins\Portal\LauncherChunkInstaller\Binaries\Win64
[2019.08.14-18.37.51:979][  0]LogWindows:   Looked in: F:\__Utilitarios\Epic Games\UE_4.22\Engine\Plugins\Runtime\AndroidDeviceProfileSelector\Binaries\Win64
[2019.08.14-18.37.51:979][  0]LogWindows:   Looked in: F:\__Utilitarios\Epic Games\UE_4.22\Engine\Plugins\Runtime\AndroidMoviePlayer\Binaries\Win64
[2019.08.14-18.37.51:979][  0]LogWindows:   Looked in: F:\__Utilitarios\Epic Games\UE_4.22\Engine\Plugins\Runtime\AppleMoviePlayer\Binaries\Win64
[2019.08.14-18.37.51:979][  0]LogWindows:   Looked in: F:\__Utilitarios\Epic Games\UE_4.22\Engine\Plugins\Runtime\ArchVisCharacter\Binaries\Win64
[2019.08.14-18.37.51:979][  0]LogWindows:   Looked in: F:\__Utilitarios\Epic Games\UE_4.22\Engine\Plugins\Runtime\AudioCapture\Binaries\Win64
[2019.08.14-18.37.51:979][  0]LogWindows:   Looked in: F:\__Utilitarios\Epic Games\UE_4.22\Engine\Plugins\Runtime\CableComponent\Binaries\Win64
[2019.08.14-18.37.51:979][  0]LogWindows:   Looked in: F:\__Utilitarios\Epic Games\UE_4.22\Engine\Plugins\Runtime\CustomMeshComponent\Binaries\Win64
[2019.08.14-18.37.51:979][  0]LogWindows:   Looked in: F:\__Utilitarios\Epic Games\UE_4.22\Engine\Plugins\Runtime\EditableMesh\Binaries\Win64
[2019.08.14-18.37.51:979][  0]LogWindows:   Looked in: F:\__Utilitarios\Epic Games\UE_4.22\Engine\Plugins\Runtime\ExampleDeviceProfileSelector\Binaries\Win64
[2019.08.14-18.37.51:979][  0]LogWindows:   Looked in: F:\__Utilitarios\Epic Games\UE_4.22\Engine\Plugins\Runtime\Firebase\Binaries\Win64
[2019.08.14-18.37.51:979][  0]LogWindows:   Looked in: F:\__Utilitarios\Epic Games\UE_4.22\Engine\Plugins\Runtime\GoogleCloudMessaging\Binaries\Win64
[2019.08.14-18.37.51:979][  0]LogWindows:   Looked in: F:\__Utilitarios\Epic Games\UE_4.22\Engine\Plugins\Runtime\IOSDeviceProfileSelector\Binaries\Win64
[2019.08.14-18.37.51:979][  0]LogWindows:   Looked in: F:\__Utilitarios\Epic Games\UE_4.22\Engine\Plugins\Runtime\LinuxDeviceProfileSelector\Binaries\Win64
[2019.08.14-18.37.51:979][  0]LogWindows:   Looked in: F:\__Utilitarios\Epic Games\UE_4.22\Engine\Plugins\Runtime\LocationServicesBPLibrary\Binaries\Win64
[2019.08.14-18.37.51:979][  0]LogWindows:   Looked in: F:\__Utilitarios\Epic Games\UE_4.22\Engine\Plugins\Runtime\MobilePatchingUtils\Binaries\Win64
[2019.08.14-18.37.51:979][  0]LogWindows:   Looked in: F:\__Utilitarios\Epic Games\UE_4.22\Engine\Plugins\Runtime\Oculus\OculusVR\Binaries\Win64
[2019.08.14-18.37.51:979][  0]LogWindows:   Looked in: F:\__Utilitarios\Epic Games\UE_4.22\Engine\Plugins\Runtime\PhysXVehicles\Binaries\Win64
[2019.08.14-18.37.51:979][  0]LogWindows:   Looked in: F:\__Utilitarios\Epic Games\UE_4.22\Engine\Plugins\Runtime\RuntimePhysXCooking\Binaries\Win64
[2019.08.14-18.37.51:979][  0]LogWindows:   Looked in: F:\__Utilitarios\Epic Games\UE_4.22\Engine\Plugins\Runtime\Steam\SteamVR\Binaries\Win64
[2019.08.14-18.37.51:980][  0]LogWindows:   Looked in: F:\__Utilitarios\Epic Games\UE_4.22\Engine\Plugins\Runtime\WebMMoviePlayer\Binaries\Win64
[2019.08.14-18.37.51:980][  0]LogWindows:   Looked in: F:\__Utilitarios\Epic Games\UE_4.22\Engine\Plugins\Media\WebMMedia\Binaries\Win64
[2019.08.14-18.37.51:980][  0]LogWindows:   Looked in: F:\__Utilitarios\Epic Games\UE_4.22\Engine\Plugins\Runtime\WindowsMoviePlayer\Binaries\Win64
[2019.08.14-18.37.51:980][  0]LogWindows:   Looked in: E:\__source\unrealProjetos\UnrealPython\Plugins\UnrealEnginePython\Binaries\Win64
[2019.08.14-18.37.51:980][  0]LogWindows:   Looked in: F:\__Utilitarios\Epic Games\UE_4.22\Engine\Binaries\Win64\Android
[2019.08.14-18.37.51:980][  0]LogWindows:   Looked in: F:\__Utilitarios\Epic Games\UE_4.22\Engine\Binaries\Win64\HTML5
[2019.08.14-18.37.51:980][  0]LogWindows:   Looked in: F:\__Utilitarios\Epic Games\UE_4.22\Engine\Binaries\Win64\IOS
[2019.08.14-18.37.51:980][  0]LogWindows:   Looked in: F:\__Utilitarios\Epic Games\UE_4.22\Engine\Binaries\Win64\Linux
[2019.08.14-18.37.51:980][  0]LogWindows:   Looked in: F:\__Utilitarios\Epic Games\UE_4.22\Engine\Binaries\Win64\Lumin
[2019.08.14-18.37.51:980][  0]LogModuleManager: Warning: ModuleManager: Unable to load module 'E:/__source/unrealProjetos/UnrealPython/Plugins/UnrealEnginePython/Binaries/Win64/UE4Editor-UnrealEnginePython.dll' because the file couldn't be loaded by the OS.
[2019.08.14-18.38.11:306][  0]LogWindowsTextInputMethodSystem: Display: IME system now deactivated.
[2019.08.14-18.38.11:307][  0]LogWindowsTextInputMethodSystem: Display: IME system now deactivated.
[2019.08.14-18.38.11:316][  0]LogSlate: Slate User Destroyed.  User Index 0, Is Virtual User: 0
[2019.08.14-18.38.11:316][  0]LogExit: Preparing to exit.
[2019.08.14-18.38.12:261][  0]LogExit: Object subsystem successfully closed.
[2019.08.14-18.38.12:276][  0]LogShaderCompilers: Display: Shaders left to compile 0
[2019.08.14-18.38.12:277][  0]LogD3D11RHI: Shutdown
[2019.08.14-18.38.12:277][  0]LogD3D11RHI: CleanupD3DDevice
[2019.08.14-18.38.12:277][  0]LogRendererCore: FGlobalReadBuffer::ReleaseRHI
[2019.08.14-18.38.12:277][  0]LogRendererCore: FGlobalDynamicReadBuffer::Cleanup()
[2019.08.14-18.38.12:277][  0]LogRendererCore: FGlobalReadBuffer::ReleaseRHI
[2019.08.14-18.38.12:277][  0]LogRendererCore: FGlobalDynamicReadBuffer::Cleanup()
[2019.08.14-18.38.12:277][  0]LogRendererCore: FGlobalReadBuffer::ReleaseRHI
[2019.08.14-18.38.12:277][  0]LogRendererCore: FGlobalDynamicReadBuffer::Cleanup()
[2019.08.14-18.38.12:299][  0]LogD3D11RHI: ~FD3D11DynamicRHI
[2019.08.14-18.38.12:307][  0]LogModuleManager: Shutting down and abandoning module SteamVRController (406)
[2019.08.14-18.38.12:307][  0]LogModuleManager: Shutting down and abandoning module ProceduralMeshComponentEditor (404)
[2019.08.14-18.38.12:307][  0]LogModuleManager: Shutting down and abandoning module ProceduralMeshComponent (402)
[2019.08.14-18.38.12:307][  0]LogModuleManager: Shutting down and abandoning module OculusEditor (400)
[2019.08.14-18.38.12:307][  0]LogModuleManager: Shutting down and abandoning module OculusInput (398)
[2019.08.14-18.38.12:307][  0]LogModuleManager: Shutting down and abandoning module MobilePatchingUtils (396)
[2019.08.14-18.38.12:307][  0]LogModuleManager: Shutting down and abandoning module EditableMesh (394)
[2019.08.14-18.38.12:307][  0]LogModuleManager: Shutting down and abandoning module CustomMeshComponent (392)
[2019.08.14-18.38.12:307][  0]LogModuleManager: Shutting down and abandoning module CableComponent (390)
[2019.08.14-18.38.12:307][  0]LogModuleManager: Shutting down and abandoning module AudioCapture (388)
[2019.08.14-18.38.12:307][  0]LogModuleManager: Shutting down and abandoning module ArchVisCharacter (386)
[2019.08.14-18.38.12:307][  0]LogModuleManager: Shutting down and abandoning module AndroidPermission (384)
[2019.08.14-18.38.12:307][  0]LogModuleManager: Shutting down and abandoning module NUTUnrealEngine4 (382)
[2019.08.14-18.38.12:307][  0]LogModuleManager: Shutting down and abandoning module NetcodeUnitTest (380)
[2019.08.14-18.38.12:307][  0]LogModuleManager: Shutting down and abandoning module MediaCompositing (378)
[2019.08.14-18.38.12:307][  0]LogModuleManager: Shutting down and abandoning module LinearTimecode (376)
[2019.08.14-18.38.12:307][  0]LogModuleManager: Shutting down and abandoning module ImgMedia (374)
[2019.08.14-18.38.12:307][  0]LogModuleManager: Shutting down and abandoning module MagicLeapHelperVulkan (372)
[2019.08.14-18.38.12:307][  0]LogModuleManager: Shutting down and abandoning module MagicLeapHelperOpenGL (370)
[2019.08.14-18.38.12:307][  0]LogModuleManager: Shutting down and abandoning module MagicLeapAudio (368)
[2019.08.14-18.38.12:307][  0]LogModuleManager: Shutting down and abandoning module HTML5Networking (366)
[2019.08.14-18.38.12:307][  0]LogModuleManager: Shutting down and abandoning module GeometryCacheTracks (364)
[2019.08.14-18.38.12:307][  0]LogModuleManager: Shutting down and abandoning module GeometryCacheSequencer (362)
[2019.08.14-18.38.12:307][  0]LogModuleManager: Shutting down and abandoning module BackChannel (360)
[2019.08.14-18.38.12:307][  0]LogModuleManager: Shutting down and abandoning module AppleVision (358)
[2019.08.14-18.38.12:307][  0]LogModuleManager: Shutting down and abandoning module AppleImageUtilsBlueprintSupport (356)
[2019.08.14-18.38.12:307][  0]LogModuleManager: Shutting down and abandoning module AppleImageUtils (354)
[2019.08.14-18.38.12:307][  0]LogModuleManager: Shutting down and abandoning module AlembicImporter (352)
[2019.08.14-18.38.12:307][  0]LogModuleManager: Shutting down and abandoning module AlembicLibrary (351)
[2019.08.14-18.38.12:307][  0]LogModuleManager: Shutting down and abandoning module GeometryCache (350)
[2019.08.14-18.38.12:307][  0]LogModuleManager: Shutting down and abandoning module GeometryCacheEd (349)
[2019.08.14-18.38.12:307][  0]LogModuleManager: Shutting down and abandoning module VariantManagerContent (344)
[2019.08.14-18.38.12:307][  0]LogModuleManager: Shutting down and abandoning module DatasmithContentEditor (342)
[2019.08.14-18.38.12:307][  0]LogModuleManager: Shutting down and abandoning module SpeedTreeImporter (340)
[2019.08.14-18.38.12:307][  0]LogModuleManager: Shutting down and abandoning module PluginBrowser (338)
[2019.08.14-18.38.12:307][  0]LogModuleManager: Shutting down and abandoning module MobileLauncherProfileWizard (336)
[2019.08.14-18.38.12:307][  0]LogModuleManager: Shutting down and abandoning module MaterialAnalyzer (334)
[2019.08.14-18.38.12:307][  0]LogModuleManager: Shutting down and abandoning module CryptoKeysOpenSSL (332)
[2019.08.14-18.38.12:307][  0]LogModuleManager: Shutting down and abandoning module CryptoKeys (330)
[2019.08.14-18.38.12:307][  0]LogModuleManager: Shutting down and abandoning module VisualStudioSourceCodeAccess (328)
[2019.08.14-18.38.12:307][  0]LogModuleManager: Shutting down and abandoning module VisualStudioCodeSourceCodeAccess (326)
[2019.08.14-18.38.12:307][  0]LogModuleManager: Shutting down and abandoning module UObjectPlugin (324)
[2019.08.14-18.38.12:307][  0]LogModuleManager: Shutting down and abandoning module SubversionSourceControl (322)
[2019.08.14-18.38.12:307][  0]LogModuleManager: Shutting down and abandoning module PerforceSourceControl (320)
[2019.08.14-18.38.12:307][  0]LogModuleManager: Shutting down and abandoning module GitSourceControl (318)
[2019.08.14-18.38.12:307][  0]LogModuleManager: Shutting down and abandoning module SourceControl (317)
[2019.08.14-18.38.12:308][  0]LogModuleManager: Shutting down and abandoning module CLionSourceCodeAccess (314)
[2019.08.14-18.38.12:308][  0]LogModuleManager: Shutting down and abandoning module AnimationSharingEd (312)
[2019.08.14-18.38.12:308][  0]LogModuleManager: Shutting down and abandoning module ActorLayerUtilitiesEditor (310)
[2019.08.14-18.38.12:308][  0]LogModuleManager: Shutting down and abandoning module ActorLayerUtilities (308)
[2019.08.14-18.38.12:308][  0]LogModuleManager: Shutting down and abandoning module LightPropagationVolumeEditor (306)
[2019.08.14-18.38.12:308][  0]LogModuleManager: Shutting down and abandoning module PaperTiledImporter (304)
[2019.08.14-18.38.12:308][  0]LogModuleManager: Shutting down and abandoning module PaperSpriteSheetImporter (302)
[2019.08.14-18.38.12:308][  0]LogModuleManager: Shutting down and abandoning module Paper2DEditor (300)
[2019.08.14-18.38.12:308][  0]LogModuleManager: Shutting down and abandoning module SignificanceManager (298)
[2019.08.14-18.38.12:308][  0]LogModuleManager: Shutting down and abandoning module RuntimePhysXCooking (296)
[2019.08.14-18.38.12:308][  0]LogModuleManager: Shutting down and abandoning module PhysXVehiclesEditor (294)
[2019.08.14-18.38.12:308][  0]LogModuleManager: Shutting down and abandoning module PhysXVehicles (292)
[2019.08.14-18.38.12:308][  0]LogModuleManager: Shutting down and abandoning module LocationServicesBPLibrary (290)
[2019.08.14-18.38.12:308][  0]LogModuleManager: Shutting down and abandoning module ActorSequence (288)
[2019.08.14-18.38.12:308][  0]LogModuleManager: Shutting down and abandoning module UdpMessaging (286)
[2019.08.14-18.38.12:409][  0]LogModuleManager: Shutting down and abandoning module TcpMessaging (284)
[2019.08.14-18.38.13:054][  0]LogModuleManager: Shutting down and abandoning module MagicLeapIdentity (282)
[2019.08.14-18.38.13:054][  0]LogModuleManager: Shutting down and abandoning module MagicLeapSecureStorage (280)
[2019.08.14-18.38.13:054][  0]LogModuleManager: Shutting down and abandoning module MagicLeapHandTracking (278)
[2019.08.14-18.38.13:054][  0]LogModuleManager: Shutting down and abandoning module MagicLeapEyeTracker (276)
[2019.08.14-18.38.13:054][  0]LogModuleManager: Shutting down and abandoning module MagicLeapController (274)
[2019.08.14-18.38.13:054][  0]LogModuleManager: Shutting down and abandoning module MagicLeapAR (272)
[2019.08.14-18.38.13:054][  0]LogModuleManager: Shutting down and abandoning module AugmentedReality (271)
[2019.08.14-18.38.13:054][  0]LogModuleManager: Shutting down and abandoning module PythonScriptPlugin (268)
[2019.08.14-18.38.13:054][  0]LogModuleManager: Shutting down and abandoning module PythonScriptPluginPreload (266)
[2019.08.14-18.38.13:054][  0]LogModuleManager: Shutting down and abandoning module GameplayTagsEditor (264)
[2019.08.14-18.38.13:054][  0]LogModuleManager: Shutting down and abandoning module FacialAnimationEditor (262)
[2019.08.14-18.38.13:055][  0]LogModuleManager: Shutting down and abandoning module FacialAnimation (260)
[2019.08.14-18.38.13:055][  0]LogModuleManager: Shutting down and abandoning module DataValidation (258)
[2019.08.14-18.38.13:055][  0]LogModuleManager: Shutting down and abandoning module AssetManagerEditor (256)
[2019.08.14-18.38.13:055][  0]LogModuleManager: Shutting down and abandoning module LevelEditor (255)
[2019.08.14-18.38.13:055][  0]LogModuleManager: Shutting down and abandoning module PixelInspectorModule (254)
[2019.08.14-18.38.13:055][  0]LogModuleManager: Shutting down and abandoning module CommonMenuExtensions (252)
[2019.08.14-18.38.13:055][  0]LogModuleManager: Shutting down and abandoning module MainFrame (250)
[2019.08.14-18.38.13:055][  0]LogModuleManager: Shutting down and abandoning module HotReload (249)
[2019.08.14-18.38.13:056][  0]LogModuleManager: Shutting down and abandoning module ContentBrowser (245)
[2019.08.14-18.38.13:056][  0]LogModuleManager: Shutting down and abandoning module TreeMap (243)
[2019.08.14-18.38.13:056][  0]LogModuleManager: Shutting down and abandoning module AnimationSharing (240)
[2019.08.14-18.38.13:056][  0]LogModuleManager: Shutting down and abandoning module LightPropagationVolumeRuntime (238)
[2019.08.14-18.38.13:056][  0]LogModuleManager: Shutting down and abandoning module AISupportModule (236)
[2019.08.14-18.38.13:056][  0]LogModuleManager: Shutting down and abandoning module Paper2D (234)
[2019.08.14-18.38.13:056][  0]LogModuleManager: Shutting down and abandoning module WindowsMoviePlayer (232)
[2019.08.14-18.38.13:056][  0]LogModuleManager: Shutting down and abandoning module WebMMoviePlayer (230)
[2019.08.14-18.38.13:056][  0]LogModuleManager: Shutting down and abandoning module PacketHandler (228)
[2019.08.14-18.38.13:056][  0]LogModuleManager: Shutting down and abandoning module ClothingSystemEditor (226)
[2019.08.14-18.38.13:056][  0]LogModuleManager: Shutting down and abandoning module ClothingSystemRuntime (224)
[2019.08.14-18.38.13:056][  0]LogModuleManager: Shutting down and abandoning module MediaAssets (222)
[2019.08.14-18.38.13:056][  0]LogModuleManager: Shutting down and abandoning module Overlay (220)
[2019.08.14-18.38.13:056][  0]LogModuleManager: Shutting down and abandoning module OverlayEditor (219)
[2019.08.14-18.38.13:056][  0]LogModuleManager: Shutting down and abandoning module VREditor (216)
[2019.08.14-18.38.13:056][  0]LogModuleManager: Shutting down and abandoning module StringTableEditor (214)
[2019.08.14-18.38.13:056][  0]LogModuleManager: Shutting down and abandoning module GameplayTasksEditor (212)
[2019.08.14-18.38.13:056][  0]LogModuleManager: Shutting down and abandoning module BehaviorTreeEditor (210)
[2019.08.14-18.38.13:056][  0]LogModuleManager: Shutting down and abandoning module FunctionalTesting (208)
[2019.08.14-18.38.13:056][  0]LogModuleManager: Shutting down and abandoning module CollisionAnalyzer (206)
[2019.08.14-18.38.13:056][  0]LogModuleManager: Shutting down and abandoning module WorkspaceMenuStructure (205)
[2019.08.14-18.38.13:056][  0]LogModuleManager: Shutting down and abandoning module UMG (202)
[2019.08.14-18.38.13:056][  0]LogModuleManager: Shutting down and abandoning module UMGEditor (201)
[2019.08.14-18.38.13:056][  0]LogModuleManager: Shutting down and abandoning module Sequencer (200)
[2019.08.14-18.38.13:056][  0]LogModuleManager: Shutting down and abandoning module MessageLog (197)
[2019.08.14-18.38.13:056][  0]LogModuleManager: Shutting down and abandoning module SlateReflector (192)
[2019.08.14-18.38.13:056][  0]LogModuleManager: Shutting down and abandoning module Slate (190)
[2019.08.14-18.38.13:056][  0]LogModuleManager: Shutting down and abandoning module EditorStyle (188)
[2019.08.14-18.38.13:058][  0]LogModuleManager: Shutting down and abandoning module UnrealEd (186)
[2019.08.14-18.38.13:058][  0]LogModuleManager: Shutting down and abandoning module MRMesh (184)
[2019.08.14-18.38.13:058][  0]LogModuleManager: Shutting down and abandoning module SourceCodeAccess (182)
[2019.08.14-18.38.13:058][  0]LogModuleManager: Shutting down and abandoning module HeadMountedDisplay (180)
[2019.08.14-18.38.13:058][  0]LogModuleManager: Shutting down and abandoning module XAudio2 (178)
[2019.08.14-18.38.13:058][  0]LogModuleManager: Shutting down and abandoning module Networking (176)
[2019.08.14-18.38.13:058][  0]LogModuleManager: Shutting down and abandoning module Core (174)
[2019.08.14-18.38.13:058][  0]LogModuleManager: Shutting down and abandoning module KismetCompiler (172)
[2019.08.14-18.38.13:058][  0]LogModuleManager: Shutting down and abandoning module MeshUtilities (170)
[2019.08.14-18.38.13:058][  0]LogModuleManager: Shutting down and abandoning module MeshMergeUtilities (169)
[2019.08.14-18.38.13:058][  0]LogModuleManager: Shutting down and abandoning module MeshReductionInterface (168)
[2019.08.14-18.38.13:058][  0]LogModuleManager: Shutting down and abandoning module SkeletalMeshReduction (167)
[2019.08.14-18.38.13:058][  0]LogModuleManager: Shutting down and abandoning module ProxyLODMeshReduction (165)
[2019.08.14-18.38.13:058][  0]LogModuleManager: Shutting down and abandoning module QuadricMeshReduction (163)
[2019.08.14-18.38.13:058][  0]LogModuleManager: Shutting down and abandoning module MaterialBaking (159)
[2019.08.14-18.38.13:058][  0]LogModuleManager: Shutting down and abandoning module DerivedDataCache (154)
[2019.08.14-18.38.13:494][  0]LogDerivedDataCache: Shutdown
[2019.08.14-18.38.13:494][  0]LogModuleManager: Shutting down and abandoning module XGEController (152)
[2019.08.14-18.38.13:494][  0]LogModuleManager: Shutting down and abandoning module TargetPlatform (150)
[2019.08.14-18.38.13:494][  0]LogModuleManager: Shutting down and abandoning module VulkanShaderFormat (149)
[2019.08.14-18.38.13:494][  0]LogModuleManager: Shutting down and abandoning module ShaderFormatVectorVM (147)
[2019.08.14-18.38.13:494][  0]LogModuleManager: Shutting down and abandoning module ShaderFormatOpenGL (145)
[2019.08.14-18.38.13:494][  0]LogModuleManager: Shutting down and abandoning module ShaderFormatD3D (143)
[2019.08.14-18.38.13:494][  0]LogModuleManager: Shutting down and abandoning module MetalShaderFormat (141)
[2019.08.14-18.38.13:494][  0]LogModuleManager: Shutting down and abandoning module TextureFormatUncompressed (139)
[2019.08.14-18.38.13:494][  0]LogModuleManager: Shutting down and abandoning module TextureFormatPVR (137)
[2019.08.14-18.38.13:494][  0]LogModuleManager: Shutting down and abandoning module TextureFormatDXT (135)
[2019.08.14-18.38.13:494][  0]LogModuleManager: Shutting down and abandoning module TextureFormatIntelISPCTexComp (133)
[2019.08.14-18.38.13:494][  0]LogModuleManager: Shutting down and abandoning module TextureFormatASTC (131)
[2019.08.14-18.38.13:494][  0]LogModuleManager: Shutting down and abandoning module ImageWrapper (130)
[2019.08.14-18.38.13:494][  0]LogModuleManager: Shutting down and abandoning module TextureFormatAndroid (127)
[2019.08.14-18.38.13:494][  0]LogModuleManager: Shutting down and abandoning module AudioFormatOpus (125)
[2019.08.14-18.38.13:494][  0]LogModuleManager: Shutting down and abandoning module AudioFormatOgg (123)
[2019.08.14-18.38.13:494][  0]LogModuleManager: Shutting down and abandoning module AudioFormatADPCM (121)
[2019.08.14-18.38.13:494][  0]LogModuleManager: Shutting down and abandoning module LuminTargetPlatform (119)
[2019.08.14-18.38.13:495][  0]LogModuleManager: Shutting down and abandoning module LinuxTargetPlatform (117)
[2019.08.14-18.38.13:495][  0]LogModuleManager: Shutting down and abandoning module LinuxServerTargetPlatform (115)
[2019.08.14-18.38.13:495][  0]LogModuleManager: Shutting down and abandoning module LinuxNoEditorTargetPlatform (113)
[2019.08.14-18.38.13:495][  0]LogModuleManager: Shutting down and abandoning module LinuxClientTargetPlatform (111)
[2019.08.14-18.38.13:495][  0]LogModuleManager: Shutting down and abandoning module TVOSTargetPlatform (109)
[2019.08.14-18.38.13:496][  0]LogModuleManager: Shutting down and abandoning module Messaging (107)
[2019.08.14-18.38.13:496][  0]LogModuleManager: Shutting down and abandoning module IOSTargetPlatform (105)
[2019.08.14-18.38.13:497][  0]LogModuleManager: Shutting down and abandoning module HTML5TargetPlatform (103)
[2019.08.14-18.38.13:497][  0]LogModuleManager: Shutting down and abandoning module AndroidTargetPlatform (101)
[2019.08.14-18.38.13:504][  0]LogModuleManager: Shutting down and abandoning module WindowsTargetPlatform (99)
[2019.08.14-18.38.13:504][  0]LogModuleManager: Shutting down and abandoning module WindowsServerTargetPlatform (97)
[2019.08.14-18.38.13:504][  0]LogModuleManager: Shutting down and abandoning module WindowsNoEditorTargetPlatform (95)
[2019.08.14-18.38.13:504][  0]LogModuleManager: Shutting down and abandoning module WindowsClientTargetPlatform (93)
[2019.08.14-18.38.13:504][  0]LogModuleManager: Shutting down and abandoning module MacTargetPlatform (91)
[2019.08.14-18.38.13:505][  0]LogModuleManager: Shutting down and abandoning module MacServerTargetPlatform (89)
[2019.08.14-18.38.13:505][  0]LogModuleManager: Shutting down and abandoning module MacNoEditorTargetPlatform (87)
[2019.08.14-18.38.13:505][  0]LogModuleManager: Shutting down and abandoning module MacClientTargetPlatform (85)
[2019.08.14-18.38.13:505][  0]LogModuleManager: Shutting down and abandoning module AllDesktopTargetPlatform (83)
[2019.08.14-18.38.13:505][  0]LogModuleManager: Shutting down and abandoning module InputCore (80)
[2019.08.14-18.38.13:505][  0]LogModuleManager: Shutting down and abandoning module Settings (78)
[2019.08.14-18.38.13:505][  0]LogModuleManager: Shutting down and abandoning module DirectoryWatcher (76)
[2019.08.14-18.38.13:507][  0]LogModuleManager: Shutting down and abandoning module PhysXCooking (74)
[2019.08.14-18.38.13:507][  0]LogModuleManager: Shutting down and abandoning module SteamVR (72)
[2019.08.14-18.38.13:507][  0]LogHMD: Freeing OpenVRDLLHandle.
[2019.08.14-18.38.13:507][  0]LogModuleManager: Shutting down and abandoning module OculusHMD (70)
[2019.08.14-18.38.13:507][  0]LogModuleManager: Shutting down and abandoning module ExampleDeviceProfileSelector (68)
[2019.08.14-18.38.13:507][  0]LogModuleManager: Shutting down and abandoning module LauncherChunkInstaller (66)
[2019.08.14-18.38.13:507][  0]LogModuleManager: Shutting down and abandoning module OnlineBlueprintSupport (64)
[2019.08.14-18.38.13:507][  0]LogModuleManager: Shutting down and abandoning module OnlineSubsystem (60)
[2019.08.14-18.38.13:507][  0]LogModuleManager: Shutting down and abandoning module XMPP (55)
[2019.08.14-18.38.13:507][  0]LogModuleManager: Shutting down and abandoning module WebSockets (54)
[2019.08.14-18.38.13:530][  0]LogModuleManager: Shutting down and abandoning module HTTP (51)
[2019.08.14-18.38.13:539][  0]LogModuleManager: Shutting down and abandoning module SSL (50)
[2019.08.14-18.38.13:540][  0]LogModuleManager: Shutting down and abandoning module WmfMedia (46)
[2019.08.14-18.38.13:544][  0]LogModuleManager: Shutting down and abandoning module Media (45)
[2019.08.14-18.38.13:550][  0]LogModuleManager: Shutting down and abandoning module MagicLeap (42)
[2019.08.14-18.38.13:550][  0]LogModuleManager: Shutting down and abandoning module DatasmithContent (40)
[2019.08.14-18.38.13:550][  0]LogModuleManager: Shutting down and abandoning module AnimationModifiers (38)
[2019.08.14-18.38.13:550][  0]LogModuleManager: Shutting down and abandoning module PropertyEditor (37)
[2019.08.14-18.38.13:550][  0]LogModuleManager: Shutting down and abandoning module AudioEditor (34)
[2019.08.14-18.38.13:551][  0]LogModuleManager: Shutting down and abandoning module TextureCompressor (32)
[2019.08.14-18.38.13:551][  0]LogModuleManager: Shutting down and abandoning module RenderCore (30)
[2019.08.14-18.38.13:551][  0]LogModuleManager: Shutting down and abandoning module Landscape (28)
[2019.08.14-18.38.13:551][  0]LogModuleManager: Shutting down and abandoning module SlateRHIRenderer (26)
[2019.08.14-18.38.13:551][  0]LogModuleManager: Shutting down and abandoning module OpenGLDrv (24)
[2019.08.14-18.38.13:551][  0]LogModuleManager: Shutting down and abandoning module D3D11RHI (22)
[2019.08.14-18.38.13:551][  0]LogModuleManager: Shutting down and abandoning module AnimGraphRuntime (20)
[2019.08.14-18.38.13:551][  0]LogModuleManager: Shutting down and abandoning module Renderer (18)
[2019.08.14-18.38.13:551][  0]LogModuleManager: Shutting down and abandoning module Engine (16)
[2019.08.14-18.38.13:551][  0]LogModuleManager: Shutting down and abandoning module CoreUObject (14)
[2019.08.14-18.38.13:551][  0]LogModuleManager: Shutting down and abandoning module NetworkFile (12)
[2019.08.14-18.38.13:551][  0]LogModuleManager: Shutting down and abandoning module CookedIterativeFile (10)
[2019.08.14-18.38.13:551][  0]LogModuleManager: Shutting down and abandoning module StreamingFile (8)
[2019.08.14-18.38.13:551][  0]LogModuleManager: Shutting down and abandoning module SandboxFile (6)
[2019.08.14-18.38.13:551][  0]LogModuleManager: Shutting down and abandoning module PakFile (4)
[2019.08.14-18.38.13:551][  0]LogModuleManager: Shutting down and abandoning module RSA (3)
[2019.08.14-18.38.13:557][  0]LogExit: Exiting.
[2019.08.14-18.38.13:676][  0]Log file closed, 08/14/19 15:38:13
